Tue Apr 26 13:31:06 EDT 2022
MaxEnt version 3.4.3
Reading file absence
readGrid: max memory 477626368, total allocated 140509184, free 56330224, used 84178960, increment 13832520
Reading samples from presence
Read samples: max memory 477626368, total allocated 140509184, free 48660448, used 91848736, increment 7669776
Adding samples to background in feature space
Command line used:  autorun -e SARG/Maxent outputs 4.1/sarg.max.2/absence -o SARG/Maxent outputs 4.1/sarg.max.2 -s SARG/Maxent outputs 4.1/sarg.max.2/presence -z linear=TRUE quadratic=TRUE product=FALSE threshold=FALSE hinge=FALSE randomtestpoints=30 responsecurves=TRUE jackknife=TRUE
Command line to repeat: java density.MaxEnt nowarnings noprefixes responsecurves jackknife "outputdirectory=SARG/Maxent outputs 4.1/sarg.max.2" "samplesfile=SARG/Maxent outputs 4.1/sarg.max.2/presence" "environmentallayers=SARG/Maxent outputs 4.1/sarg.max.2/absence" randomtestpoints=30 noproduct nohinge autorun novisible
Species: species
Layers: e03.NIT.max e04.NIT.min e05.PHO.max e06.PHO.min e07.SAL.me e08.SST.max e09.SST.min
Layertypes: Continuous Continuous Continuous Continuous Continuous Continuous Continuous
responsecurves: true
jackknife: true
outputdirectory: SARG/Maxent outputs 4.1/sarg.max.2
samplesfile: SARG/Maxent outputs 4.1/sarg.max.2/presence
environmentallayers: SARG/Maxent outputs 4.1/sarg.max.2/absence
randomtestpoints: 30
product: false
hinge: false
autorun: true
visible: false

getSamples: max memory 477626368, total allocated 140509184, free 44088352, used 96420832, increment 4572096
Making features
makeFeatures: max memory 477626368, total allocated 140509184, free 43924800, used 96584384, increment 163552
species: 
Regularization values: linear/quadratic/product: 0.050, categorical: 0.250, threshold: 1.000, hinge: 0.500
220 samples
Density: max memory 477626368, total allocated 140509184, free 43843024, used 96666160, increment 81776
linearPredictor: max memory 477626368, total allocated 140509184, free 43761248, used 96747936, increment 81776
FeaturedSpace: max memory 477626368, total allocated 140509184, free 43761248, used 96747936, increment 0
Sequential: max memory 477626368, total allocated 140509184, free 43761248, used 96747936, increment 0
Initial loss: 9.232101863757695
Initial test loss: 9.232101863757695
500: time = 0.732000 loss = 7.188510 testLoss 7.211075
Resulting gain: 2.0435913680201914
Time since start: 1.299
Projecting...
Writing file SARG\Maxent outputs 4.1\sarg.max.2\species.csv
species response curves
Response curve: only e03.NIT.max
Making features
makeFeatures: max memory 477626368, total allocated 143130624, free 73489640, used 69640984, increment -27106952
species e03.NIT.max: 
Regularization values: linear/quadratic/product: 0.050, categorical: 0.250, threshold: 1.000, hinge: 0.500
220 samples
Density: max memory 477626368, total allocated 143130624, free 73489640, used 69640984, increment 0
linearPredictor: max memory 477626368, total allocated 143130624, free 73489640, used 69640984, increment 0
FeaturedSpace: max memory 477626368, total allocated 143130624, free 73489640, used 69640984, increment 0
Sequential: max memory 477626368, total allocated 143130624, free 73489640, used 69640984, increment 0
Initial loss: 9.232101863757695
100: time = 0.159000 loss = 9.211759
Resulting gain: 0.020343110483594273
species response curves
Response curve: only e04.NIT.min
Making features
makeFeatures: max memory 477626368, total allocated 143130624, free 68832816, used 74297808, increment 4656824
species e04.NIT.min: 
Regularization values: linear/quadratic/product: 0.050, categorical: 0.250, threshold: 1.000, hinge: 0.500
220 samples
Density: max memory 477626368, total allocated 143130624, free 68832816, used 74297808, increment 0
linearPredictor: max memory 477626368, total allocated 143130624, free 68832816, used 74297808, increment 0
FeaturedSpace: max memory 477626368, total allocated 143130624, free 68832816, used 74297808, increment 0
Sequential: max memory 477626368, total allocated 143130624, free 68832816, used 74297808, increment 0
Initial loss: 9.232101863757695
Time since start: 2.508
60: time = 0.211000 loss = 9.211087
Resulting gain: 0.021014732555773463
species response curves
Response curve: only e05.PHO.max
Making features
makeFeatures: max memory 477626368, total allocated 143130624, free 64765088, used 78365536, increment 4067728
species e05.PHO.max: 
Regularization values: linear/quadratic/product: 0.050, categorical: 0.250, threshold: 1.000, hinge: 0.500
220 samples
Density: max memory 477626368, total allocated 143130624, free 64765088, used 78365536, increment 0
linearPredictor: max memory 477626368, total allocated 143130624, free 64765088, used 78365536, increment 0
FeaturedSpace: max memory 477626368, total allocated 143130624, free 64765088, used 78365536, increment 0
Sequential: max memory 477626368, total allocated 143130624, free 64765088, used 78365536, increment 0
Initial loss: 9.232101863757695
120: time = 0.230000 loss = 8.940743
Resulting gain: 0.29135875227975916
species response curves
Response curve: only e06.PHO.min
Making features
makeFeatures: max memory 477626368, total allocated 143130624, free 60697360, used 82433264, increment 4067728
species e06.PHO.min: 
Regularization values: linear/quadratic/product: 0.050, categorical: 0.250, threshold: 1.000, hinge: 0.500
220 samples
Density: max memory 477626368, total allocated 143130624, free 60697360, used 82433264, increment 0
linearPredictor: max memory 477626368, total allocated 143130624, free 60697360, used 82433264, increment 0
FeaturedSpace: max memory 477626368, total allocated 143130624, free 60697360, used 82433264, increment 0
Sequential: max memory 477626368, total allocated 143130624, free 60697360, used 82433264, increment 0
Initial loss: 9.232101863757695
120: time = 0.219000 loss = 9.105389
Resulting gain: 0.1267128997158764
species response curves
Response curve: only e07.SAL.me
Making features
makeFeatures: max memory 477626368, total allocated 143130624, free 56629632, used 86500992, increment 4067728
species e07.SAL.me: 
Regularization values: linear/quadratic/product: 0.050, categorical: 0.250, threshold: 1.000, hinge: 0.500
220 samples
Density: max memory 477626368, total allocated 143130624, free 56629632, used 86500992, increment 0
linearPredictor: max memory 477626368, total allocated 143130624, free 56629632, used 86500992, increment 0
FeaturedSpace: max memory 477626368, total allocated 143130624, free 56629632, used 86500992, increment 0
Sequential: max memory 477626368, total allocated 143130624, free 56629632, used 86500992, increment 0
Initial loss: 9.232101863757695
Time since start: 3.523
180: time = 0.218000 loss = 8.701416
Resulting gain: 0.5306857187898206
species response curves
Response curve: only e08.SST.max
Making features
makeFeatures: max memory 477626368, total allocated 143130624, free 51970456, used 91160168, increment 4659176
species e08.SST.max: 
Regularization values: linear/quadratic/product: 0.050, categorical: 0.250, threshold: 1.000, hinge: 0.500
220 samples
Density: max memory 477626368, total allocated 143130624, free 51970456, used 91160168, increment 0
linearPredictor: max memory 477626368, total allocated 143130624, free 51970456, used 91160168, increment 0
FeaturedSpace: max memory 477626368, total allocated 143130624, free 51970456, used 91160168, increment 0
Sequential: max memory 477626368, total allocated 143130624, free 51970456, used 91160168, increment 0
Initial loss: 9.232101863757695
160: time = 0.243000 loss = 7.991909
Resulting gain: 1.2401924723971582
species response curves
Response curve: only e09.SST.min
Making features
makeFeatures: max memory 477626368, total allocated 143130624, free 47902728, used 95227896, increment 4067728
species e09.SST.min: 
Regularization values: linear/quadratic/product: 0.050, categorical: 0.250, threshold: 1.000, hinge: 0.500
220 samples
Density: max memory 477626368, total allocated 143130624, free 47902728, used 95227896, increment 0
linearPredictor: max memory 477626368, total allocated 143130624, free 47902728, used 95227896, increment 0
FeaturedSpace: max memory 477626368, total allocated 143130624, free 47902728, used 95227896, increment 0
Sequential: max memory 477626368, total allocated 143130624, free 47902728, used 95227896, increment 0
Initial loss: 9.232101863757695
120: time = 0.194000 loss = 7.850492
Resulting gain: 1.3816097662893752
species response curves
Time since start: 4.858
Jackknife: leave e03.NIT.max out
Making features
makeFeatures: max memory 477626368, total allocated 158859264, free 103262928, used 55596336, increment -39631560
species e03.NIT.max: 
Regularization values: linear/quadratic/product: 0.050, categorical: 0.250, threshold: 1.000, hinge: 0.500
220 samples
Density: max memory 477626368, total allocated 158859264, free 103262928, used 55596336, increment 0
linearPredictor: max memory 477626368, total allocated 158859264, free 103262928, used 55596336, increment 0
FeaturedSpace: max memory 477626368, total allocated 158859264, free 103262928, used 55596336, increment 0
Sequential: max memory 477626368, total allocated 158859264, free 103262928, used 55596336, increment 0
Initial loss: 9.232101863757695
Initial test loss: 9.232101863757695
500: time = 0.714000 loss = 7.206741 testLoss 7.199802
Jackknife: leave e04.NIT.min out
Making features
makeFeatures: max memory 477626368, total allocated 158859264, free 101354800, used 57504464, increment 1908128
species e04.NIT.min: 
Regularization values: linear/quadratic/product: 0.050, categorical: 0.250, threshold: 1.000, hinge: 0.500
220 samples
Density: max memory 477626368, total allocated 158859264, free 101354800, used 57504464, increment 0
linearPredictor: max memory 477626368, total allocated 158859264, free 101354800, used 57504464, increment 0
FeaturedSpace: max memory 477626368, total allocated 158859264, free 101354800, used 57504464, increment 0
Sequential: max memory 477626368, total allocated 158859264, free 101354800, used 57504464, increment 0
Initial loss: 9.232101863757695
Initial test loss: 9.232101863757695
Time since start: 6.229
440: time = 0.633000 loss = 7.189592 testLoss 7.197057
Jackknife: leave e05.PHO.max out
Making features
makeFeatures: max memory 477626368, total allocated 158859264, free 99446672, used 59412592, increment 1908128
species e05.PHO.max: 
Regularization values: linear/quadratic/product: 0.050, categorical: 0.250, threshold: 1.000, hinge: 0.500
220 samples
Density: max memory 477626368, total allocated 158859264, free 99446672, used 59412592, increment 0
linearPredictor: max memory 477626368, total allocated 158859264, free 99446672, used 59412592, increment 0
FeaturedSpace: max memory 477626368, total allocated 158859264, free 99446672, used 59412592, increment 0
Sequential: max memory 477626368, total allocated 158859264, free 99446672, used 59412592, increment 0
Initial loss: 9.232101863757695
Initial test loss: 9.232101863757695
420: time = 0.592000 loss = 7.191681 testLoss 7.192506
Jackknife: leave e06.PHO.min out
Making features
makeFeatures: max memory 477626368, total allocated 158859264, free 97538496, used 61320768, increment 1908176
species e06.PHO.min: 
Regularization values: linear/quadratic/product: 0.050, categorical: 0.250, threshold: 1.000, hinge: 0.500
220 samples
Density: max memory 477626368, total allocated 158859264, free 97538496, used 61320768, increment 0
linearPredictor: max memory 477626368, total allocated 158859264, free 97456720, used 61402544, increment 81776
FeaturedSpace: max memory 477626368, total allocated 158859264, free 97456720, used 61402544, increment 0
Sequential: max memory 477626368, total allocated 158859264, free 97456720, used 61402544, increment 0
Initial loss: 9.232101863757695
Initial test loss: 9.232101863757695
Time since start: 7.458
420: time = 0.601000 loss = 7.193352 testLoss 7.197557
Jackknife: leave e07.SAL.me out
Making features
makeFeatures: max memory 477626368, total allocated 158859264, free 95548528, used 63310736, increment 1908192
species e07.SAL.me: 
Regularization values: linear/quadratic/product: 0.050, categorical: 0.250, threshold: 1.000, hinge: 0.500
220 samples
Density: max memory 477626368, total allocated 158859264, free 95548528, used 63310736, increment 0
linearPredictor: max memory 477626368, total allocated 158859264, free 95466752, used 63392512, increment 81776
FeaturedSpace: max memory 477626368, total allocated 158859264, free 95466752, used 63392512, increment 0
Sequential: max memory 477626368, total allocated 158859264, free 95466752, used 63392512, increment 0
Initial loss: 9.232101863757695
Initial test loss: 9.232101863757695
380: time = 0.548000 loss = 7.401151 testLoss 7.554646
Jackknife: leave e08.SST.max out
Making features
makeFeatures: max memory 477626368, total allocated 158859264, free 93558616, used 65300648, increment 1908136
species e08.SST.max: 
Regularization values: linear/quadratic/product: 0.050, categorical: 0.250, threshold: 1.000, hinge: 0.500
220 samples
Density: max memory 477626368, total allocated 158859264, free 93558616, used 65300648, increment 0
linearPredictor: max memory 477626368, total allocated 158859264, free 93476840, used 65382424, increment 81776
FeaturedSpace: max memory 477626368, total allocated 158859264, free 93476840, used 65382424, increment 0
Sequential: max memory 477626368, total allocated 158859264, free 93476840, used 65382424, increment 0
Initial loss: 9.232101863757695
Initial test loss: 9.232101863757695
Time since start: 8.722
440: time = 0.674000 loss = 7.320099 testLoss 7.319868
Jackknife: leave e09.SST.min out
Making features
makeFeatures: max memory 477626368, total allocated 158859264, free 91568648, used 67290616, increment 1908192
species e09.SST.min: 
Regularization values: linear/quadratic/product: 0.050, categorical: 0.250, threshold: 1.000, hinge: 0.500
220 samples
Density: max memory 477626368, total allocated 158859264, free 91568648, used 67290616, increment 0
linearPredictor: max memory 477626368, total allocated 158859264, free 91486872, used 67372392, increment 81776
FeaturedSpace: max memory 477626368, total allocated 158859264, free 91486872, used 67372392, increment 0
Sequential: max memory 477626368, total allocated 158859264, free 91486872, used 67372392, increment 0
Initial loss: 9.232101863757695
Initial test loss: 9.232101863757695
460: time = 0.658000 loss = 7.550544 testLoss 7.519917
Jackknife: only e03.NIT.max
Making features
makeFeatures: max memory 477626368, total allocated 158859264, free 89578680, used 69280584, increment 1908192
species e03.NIT.max: 
Regularization values: linear/quadratic/product: 0.050, categorical: 0.250, threshold: 1.000, hinge: 0.500
220 samples
Density: max memory 477626368, total allocated 158859264, free 89578680, used 69280584, increment 0
linearPredictor: max memory 477626368, total allocated 158859264, free 89578680, used 69280584, increment 0
FeaturedSpace: max memory 477626368, total allocated 158859264, free 89578680, used 69280584, increment 0
Sequential: max memory 477626368, total allocated 158859264, free 89578680, used 69280584, increment 0
Initial loss: 9.232101863757695
Initial test loss: 9.232101863757695
100: time = 0.145000 loss = 9.211759 testLoss 9.133043
Res.gain: 0.020343110483594273
Jackknife: only e04.NIT.min
Making features
makeFeatures: max memory 477626368, total allocated 158859264, free 89578680, used 69280584, increment 0
species e04.NIT.min: 
Regularization values: linear/quadratic/product: 0.050, categorical: 0.250, threshold: 1.000, hinge: 0.500
220 samples
Density: max memory 477626368, total allocated 158859264, free 87670600, used 71188664, increment 1908080
linearPredictor: max memory 477626368, total allocated 158859264, free 87670600, used 71188664, increment 0
FeaturedSpace: max memory 477626368, total allocated 158859264, free 87670600, used 71188664, increment 0
Sequential: max memory 477626368, total allocated 158859264, free 87670600, used 71188664, increment 0
Initial loss: 9.232101863757695
Initial test loss: 9.232101863757695
Time since start: 9.768
60: time = 0.200000 loss = 9.211087 testLoss 9.201884
Res.gain: 0.021014732555773463
Jackknife: only e05.PHO.max
Making features
makeFeatures: max memory 477626368, total allocated 158859264, free 87670600, used 71188664, increment 0
species e05.PHO.max: 
Regularization values: linear/quadratic/product: 0.050, categorical: 0.250, threshold: 1.000, hinge: 0.500
220 samples
Density: max memory 477626368, total allocated 158859264, free 87670600, used 71188664, increment 0
linearPredictor: max memory 477626368, total allocated 158859264, free 87670600, used 71188664, increment 0
FeaturedSpace: max memory 477626368, total allocated 158859264, free 87670600, used 71188664, increment 0
Sequential: max memory 477626368, total allocated 158859264, free 87670600, used 71188664, increment 0
Initial loss: 9.232101863757695
Initial test loss: 9.232101863757695
120: time = 0.209000 loss = 8.940743 testLoss 8.898289
Res.gain: 0.29135875227975916
Jackknife: only e06.PHO.min
Making features
makeFeatures: max memory 477626368, total allocated 158859264, free 87670600, used 71188664, increment 0
species e06.PHO.min: 
Regularization values: linear/quadratic/product: 0.050, categorical: 0.250, threshold: 1.000, hinge: 0.500
220 samples
Density: max memory 477626368, total allocated 158859264, free 87670600, used 71188664, increment 0
linearPredictor: max memory 477626368, total allocated 158859264, free 85762520, used 73096744, increment 1908080
FeaturedSpace: max memory 477626368, total allocated 158859264, free 85762520, used 73096744, increment 0
Sequential: max memory 477626368, total allocated 158859264, free 85762520, used 73096744, increment 0
Initial loss: 9.232101863757695
Initial test loss: 9.232101863757695
120: time = 0.216000 loss = 9.105389 testLoss 9.029163
Res.gain: 0.1267128997158764
Jackknife: only e07.SAL.me
Making features
makeFeatures: max memory 477626368, total allocated 158859264, free 85762520, used 73096744, increment 0
species e07.SAL.me: 
Regularization values: linear/quadratic/product: 0.050, categorical: 0.250, threshold: 1.000, hinge: 0.500
220 samples
Density: max memory 477626368, total allocated 158859264, free 85762520, used 73096744, increment 0
linearPredictor: max memory 477626368, total allocated 158859264, free 85762520, used 73096744, increment 0
FeaturedSpace: max memory 477626368, total allocated 158859264, free 85762520, used 73096744, increment 0
Sequential: max memory 477626368, total allocated 158859264, free 85762520, used 73096744, increment 0
Initial loss: 9.232101863757695
Initial test loss: 9.232101863757695
180: time = 0.221000 loss = 8.701416 testLoss 8.685058
Res.gain: 0.5306857187898206
Jackknife: only e08.SST.max
Making features
makeFeatures: max memory 477626368, total allocated 158859264, free 85762520, used 73096744, increment 0
species e08.SST.max: 
Regularization values: linear/quadratic/product: 0.050, categorical: 0.250, threshold: 1.000, hinge: 0.500
220 samples
Density: max memory 477626368, total allocated 158859264, free 85762520, used 73096744, increment 0
linearPredictor: max memory 477626368, total allocated 158859264, free 85680744, used 73178520, increment 81776
FeaturedSpace: max memory 477626368, total allocated 158859264, free 85680744, used 73178520, increment 0
Sequential: max memory 477626368, total allocated 158859264, free 85680744, used 73178520, increment 0
Initial loss: 9.232101863757695
Initial test loss: 9.232101863757695
160: time = 0.244000 loss = 7.991909 testLoss 8.073276
Res.gain: 1.2401924723971582
Jackknife: only e09.SST.min
Making features
makeFeatures: max memory 477626368, total allocated 158859264, free 83772568, used 75086696, increment 1908176
species e09.SST.min: 
Regularization values: linear/quadratic/product: 0.050, categorical: 0.250, threshold: 1.000, hinge: 0.500
220 samples
Density: max memory 477626368, total allocated 158859264, free 83772568, used 75086696, increment 0
linearPredictor: max memory 477626368, total allocated 158859264, free 83772568, used 75086696, increment 0
FeaturedSpace: max memory 477626368, total allocated 158859264, free 83772568, used 75086696, increment 0
Sequential: max memory 477626368, total allocated 158859264, free 83772568, used 75086696, increment 0
Initial loss: 9.232101863757695
Initial test loss: 9.232101863757695
Time since start: 10.899
120: time = 0.199000 loss = 7.850492 testLoss 8.108334
Res.gain: 1.3816097662893752
Ending
