Thu Jun 02 11:58:29 EDT 2022
MaxEnt version 3.4.3
Reading file absence
readGrid: max memory 477626368, total allocated 128974848, free 107210376, used 21764472, increment -8133544
Reading samples from presence
Read samples: max memory 477626368, total allocated 128974848, free 114573040, used 14401808, increment -7362664
Adding samples to background in feature space
Command line used:  autorun -e DASY/Maxent Outputs 4.1/dasy.max.final.2/absence -o DASY/Maxent Outputs 4.1/dasy.max.final.2 -s DASY/Maxent Outputs 4.1/dasy.max.final.2/presence -z linear=TRUE quadratic=TRUE product=FALSE threshold=FALSE hinge=FALSE randomtestpoints=30 responsecurves=TRUE jackknife=TRUE
Command line to repeat: java density.MaxEnt nowarnings noprefixes responsecurves jackknife "outputdirectory=DASY/Maxent Outputs 4.1/dasy.max.final.2" "samplesfile=DASY/Maxent Outputs 4.1/dasy.max.final.2/presence" "environmentallayers=DASY/Maxent Outputs 4.1/dasy.max.final.2/absence" randomtestpoints=30 noproduct nohinge autorun novisible
Species: species
Layers: e09.SST.min
Layertypes: Continuous
responsecurves: true
jackknife: true
outputdirectory: DASY/Maxent Outputs 4.1/dasy.max.final.2
samplesfile: DASY/Maxent Outputs 4.1/dasy.max.final.2/presence
environmentallayers: DASY/Maxent Outputs 4.1/dasy.max.final.2/absence
randomtestpoints: 30
product: false
hinge: false
autorun: true
visible: false

getSamples: max memory 477626368, total allocated 128974848, free 113143384, used 15831464, increment 1429656
Making features
makeFeatures: max memory 477626368, total allocated 128974848, free 113143384, used 15831464, increment 0
species: 
Regularization values: linear/quadratic/product: 0.050, categorical: 0.250, threshold: 1.000, hinge: 0.500
177 samples
Density: max memory 477626368, total allocated 128974848, free 113143384, used 15831464, increment 0
linearPredictor: max memory 477626368, total allocated 128974848, free 113143384, used 15831464, increment 0
FeaturedSpace: max memory 477626368, total allocated 128974848, free 113143384, used 15831464, increment 0
Sequential: max memory 477626368, total allocated 128974848, free 113143384, used 15831464, increment 0
Initial loss: 9.227885551191932
Initial test loss: 9.227885551191932
120: time = 0.210000 loss = 8.034773 testLoss 8.087393
Resulting gain: 1.1931124200938896
Time since start: 1.702
Projecting...
Writing file DASY\Maxent Outputs 4.1\dasy.max.final.2\species.csv
species response curves
Response curve: only e09.SST.min
Making features
makeFeatures: max memory 477626368, total allocated 128974848, free 86940008, used 42034840, increment 26203376
species e09.SST.min: 
Regularization values: linear/quadratic/product: 0.050, categorical: 0.250, threshold: 1.000, hinge: 0.500
177 samples
Density: max memory 477626368, total allocated 128974848, free 86940008, used 42034840, increment 0
linearPredictor: max memory 477626368, total allocated 128974848, free 86940008, used 42034840, increment 0
FeaturedSpace: max memory 477626368, total allocated 128974848, free 86940008, used 42034840, increment 0
Sequential: max memory 477626368, total allocated 128974848, free 86940008, used 42034840, increment 0
Initial loss: 9.227885551191932
Time since start: 2.913
120: time = 0.254000 loss = 8.034773
Resulting gain: 1.1931124200938896
species response curves
Ending
