Mon Apr 25 16:09:54 EDT 2022
MaxEnt version 3.4.3
Reading file absence
readGrid: max memory 477626368, total allocated 223870976, free 69075928, used 154795048, increment 12537320
Reading samples from presence
Read samples: max memory 477626368, total allocated 218628096, free 99783240, used 118844856, increment -35950192
Adding samples to background in feature space
Command line used:  autorun -e DASY/Maxent outputs 4.1/dasy.max.2/absence -o DASY/Maxent outputs 4.1/dasy.max.2 -s DASY/Maxent outputs 4.1/dasy.max.2/presence -z linear=TRUE quadratic=TRUE product=FALSE threshold=FALSE hinge=FALSE randomtestpoints=30 responsecurves=TRUE jackknife=TRUE
Command line to repeat: java density.MaxEnt nowarnings noprefixes responsecurves jackknife "outputdirectory=DASY/Maxent outputs 4.1/dasy.max.2" "samplesfile=DASY/Maxent outputs 4.1/dasy.max.2/presence" "environmentallayers=DASY/Maxent outputs 4.1/dasy.max.2/absence" randomtestpoints=30 noproduct nohinge autorun novisible
Species: species
Layers: e03.NIT.max e04.NIT.min e05.PHO.max e06.PHO.min e07.SAL.me e08.SST.max e09.SST.min
Layertypes: Continuous Continuous Continuous Continuous Continuous Continuous Continuous
responsecurves: true
jackknife: true
outputdirectory: DASY/Maxent outputs 4.1/dasy.max.2
samplesfile: DASY/Maxent outputs 4.1/dasy.max.2/presence
environmentallayers: DASY/Maxent outputs 4.1/dasy.max.2/absence
randomtestpoints: 30
product: false
hinge: false
autorun: true
visible: false

getSamples: max memory 477626368, total allocated 218628096, free 97459528, used 121168568, increment 2323712
Making features
makeFeatures: max memory 477626368, total allocated 218628096, free 95054528, used 123573568, increment 2405000
species: 
Regularization values: linear/quadratic/product: 0.050, categorical: 0.250, threshold: 1.000, hinge: 0.500
177 samples
Density: max memory 477626368, total allocated 218628096, free 95054528, used 123573568, increment 0
linearPredictor: max memory 477626368, total allocated 218628096, free 95054528, used 123573568, increment 0
FeaturedSpace: max memory 477626368, total allocated 218628096, free 95054528, used 123573568, increment 0
Sequential: max memory 477626368, total allocated 218628096, free 95054528, used 123573568, increment 0
Initial loss: 9.227885551191932
Initial test loss: 9.227885551191932
500: time = 0.670000 loss = 7.458472 testLoss 7.343921
Resulting gain: 1.7694134218365312
Time since start: 1.226
Projecting...
Writing file DASY\Maxent outputs 4.1\dasy.max.2\species.csv
species response curves
Response curve: only e03.NIT.max
Making features
makeFeatures: max memory 477626368, total allocated 218628096, free 46738656, used 171889440, increment 48315872
species e03.NIT.max: 
Regularization values: linear/quadratic/product: 0.050, categorical: 0.250, threshold: 1.000, hinge: 0.500
177 samples
Density: max memory 477626368, total allocated 218628096, free 46738656, used 171889440, increment 0
linearPredictor: max memory 477626368, total allocated 218628096, free 46738656, used 171889440, increment 0
FeaturedSpace: max memory 477626368, total allocated 218628096, free 46738656, used 171889440, increment 0
Sequential: max memory 477626368, total allocated 218628096, free 46738656, used 171889440, increment 0
Initial loss: 9.227885551191932
60: time = 0.177000 loss = 9.220085
Resulting gain: 0.0078003106887152285
species response curves
Response curve: only e04.NIT.min
Making features
makeFeatures: max memory 477626368, total allocated 218628096, free 41128232, used 177499864, increment 5610424
species e04.NIT.min: 
Regularization values: linear/quadratic/product: 0.050, categorical: 0.250, threshold: 1.000, hinge: 0.500
177 samples
Density: max memory 477626368, total allocated 218628096, free 41128232, used 177499864, increment 0
linearPredictor: max memory 477626368, total allocated 218628096, free 41128232, used 177499864, increment 0
FeaturedSpace: max memory 477626368, total allocated 218628096, free 41128232, used 177499864, increment 0
Sequential: max memory 477626368, total allocated 218628096, free 41128232, used 177499864, increment 0
Initial loss: 9.227885551191932
Time since start: 2.385
60: time = 0.187000 loss = 9.179904
Resulting gain: 0.04798197110084779
species response curves
Response curve: only e05.PHO.max
Making features
makeFeatures: max memory 477626368, total allocated 218628096, free 38802248, used 179825848, increment 2325984
species e05.PHO.max: 
Regularization values: linear/quadratic/product: 0.050, categorical: 0.250, threshold: 1.000, hinge: 0.500
177 samples
Density: max memory 477626368, total allocated 218628096, free 38802248, used 179825848, increment 0
linearPredictor: max memory 477626368, total allocated 218628096, free 38802248, used 179825848, increment 0
FeaturedSpace: max memory 477626368, total allocated 218628096, free 38802248, used 179825848, increment 0
Sequential: max memory 477626368, total allocated 218628096, free 38802248, used 179825848, increment 0
Initial loss: 9.227885551191932
100: time = 0.197000 loss = 9.181708
Resulting gain: 0.04617723296677667
species response curves
Response curve: only e06.PHO.min
Making features
makeFeatures: max memory 477626368, total allocated 218628096, free 34136296, used 184491800, increment 4665952
species e06.PHO.min: 
Regularization values: linear/quadratic/product: 0.050, categorical: 0.250, threshold: 1.000, hinge: 0.500
177 samples
Density: max memory 477626368, total allocated 218628096, free 34136296, used 184491800, increment 0
linearPredictor: max memory 477626368, total allocated 218628096, free 34136296, used 184491800, increment 0
FeaturedSpace: max memory 477626368, total allocated 218628096, free 34136296, used 184491800, increment 0
Sequential: max memory 477626368, total allocated 218628096, free 34136296, used 184491800, increment 0
Initial loss: 9.227885551191932
60: time = 0.171000 loss = 9.160741
Resulting gain: 0.06714502894288188
species response curves
Response curve: only e07.SAL.me
Making features
makeFeatures: max memory 477626368, total allocated 218628096, free 28525872, used 190102224, increment 5610424
species e07.SAL.me: 
Regularization values: linear/quadratic/product: 0.050, categorical: 0.250, threshold: 1.000, hinge: 0.500
177 samples
Density: max memory 477626368, total allocated 218628096, free 28525872, used 190102224, increment 0
linearPredictor: max memory 477626368, total allocated 218628096, free 28525872, used 190102224, increment 0
FeaturedSpace: max memory 477626368, total allocated 218628096, free 28525872, used 190102224, increment 0
Sequential: max memory 477626368, total allocated 218628096, free 28525872, used 190102224, increment 0
Initial loss: 9.227885551191932
180: time = 0.200000 loss = 8.985809
Resulting gain: 0.24207634557003566
species response curves
Response curve: only e08.SST.max
Making features
makeFeatures: max memory 477626368, total allocated 218628096, free 26199888, used 192428208, increment 2325984
species e08.SST.max: 
Regularization values: linear/quadratic/product: 0.050, categorical: 0.250, threshold: 1.000, hinge: 0.500
177 samples
Density: max memory 477626368, total allocated 218628096, free 26199888, used 192428208, increment 0
linearPredictor: max memory 477626368, total allocated 218628096, free 26118456, used 192509640, increment 81432
FeaturedSpace: max memory 477626368, total allocated 218628096, free 26118456, used 192509640, increment 0
Sequential: max memory 477626368, total allocated 218628096, free 26118456, used 192509640, increment 0
Initial loss: 9.227885551191932
Time since start: 3.589
180: time = 0.244000 loss = 8.487345
Resulting gain: 0.7405401064414043
species response curves
Response curve: only e09.SST.min
Making features
makeFeatures: max memory 477626368, total allocated 216006656, free 132632520, used 83374136, increment -109135504
species e09.SST.min: 
Regularization values: linear/quadratic/product: 0.050, categorical: 0.250, threshold: 1.000, hinge: 0.500
177 samples
Density: max memory 477626368, total allocated 216006656, free 132632520, used 83374136, increment 0
linearPredictor: max memory 477626368, total allocated 216006656, free 132632520, used 83374136, increment 0
FeaturedSpace: max memory 477626368, total allocated 216006656, free 132632520, used 83374136, increment 0
Sequential: max memory 477626368, total allocated 216006656, free 132632520, used 83374136, increment 0
Initial loss: 9.227885551191932
120: time = 0.189000 loss = 8.028650
Resulting gain: 1.1992356871656575
species response curves
Jackknife: leave e03.NIT.max out
Making features
makeFeatures: max memory 477626368, total allocated 216006656, free 95189624, used 120817032, increment 37442896
species e03.NIT.max: 
Regularization values: linear/quadratic/product: 0.050, categorical: 0.250, threshold: 1.000, hinge: 0.500
177 samples
Density: max memory 477626368, total allocated 216006656, free 92915952, used 123090704, increment 2273672
linearPredictor: max memory 477626368, total allocated 216006656, free 92915952, used 123090704, increment 0
FeaturedSpace: max memory 477626368, total allocated 216006656, free 92915952, used 123090704, increment 0
Sequential: max memory 477626368, total allocated 216006656, free 92915952, used 123090704, increment 0
Initial loss: 9.227885551191932
Initial test loss: 9.227885551191932
Time since start: 4.822
500: time = 0.612000 loss = 7.535864 testLoss 7.382142
Jackknife: leave e04.NIT.min out
Making features
makeFeatures: max memory 477626368, total allocated 216006656, free 92915952, used 123090704, increment 0
species e04.NIT.min: 
Regularization values: linear/quadratic/product: 0.050, categorical: 0.250, threshold: 1.000, hinge: 0.500
177 samples
Density: max memory 477626368, total allocated 216006656, free 92915952, used 123090704, increment 0
linearPredictor: max memory 477626368, total allocated 216006656, free 92915952, used 123090704, increment 0
FeaturedSpace: max memory 477626368, total allocated 216006656, free 92915952, used 123090704, increment 0
Sequential: max memory 477626368, total allocated 216006656, free 92915952, used 123090704, increment 0
Initial loss: 9.227885551191932
Initial test loss: 9.227885551191932
500: time = 0.703000 loss = 7.458617 testLoss 7.341600
Jackknife: leave e05.PHO.max out
Making features
makeFeatures: max memory 477626368, total allocated 216006656, free 90642232, used 125364424, increment 2273720
species e05.PHO.max: 
Regularization values: linear/quadratic/product: 0.050, categorical: 0.250, threshold: 1.000, hinge: 0.500
177 samples
Density: max memory 477626368, total allocated 216006656, free 90642232, used 125364424, increment 0
linearPredictor: max memory 477626368, total allocated 216006656, free 90642232, used 125364424, increment 0
FeaturedSpace: max memory 477626368, total allocated 216006656, free 90642232, used 125364424, increment 0
Sequential: max memory 477626368, total allocated 216006656, free 90642232, used 125364424, increment 0
Initial loss: 9.227885551191932
Initial test loss: 9.227885551191932
Time since start: 6.198
500: time = 0.640000 loss = 7.473785 testLoss 7.347346
Jackknife: leave e06.PHO.min out
Making features
makeFeatures: max memory 477626368, total allocated 216006656, free 88368488, used 127638168, increment 2273744
species e06.PHO.min: 
Regularization values: linear/quadratic/product: 0.050, categorical: 0.250, threshold: 1.000, hinge: 0.500
177 samples
Density: max memory 477626368, total allocated 216006656, free 88368488, used 127638168, increment 0
linearPredictor: max memory 477626368, total allocated 216006656, free 88368488, used 127638168, increment 0
FeaturedSpace: max memory 477626368, total allocated 216006656, free 88368488, used 127638168, increment 0
Sequential: max memory 477626368, total allocated 216006656, free 88368488, used 127638168, increment 0
Initial loss: 9.227885551191932
Initial test loss: 9.227885551191932
500: time = 0.629000 loss = 7.486468 testLoss 7.372697
Jackknife: leave e07.SAL.me out
Making features
makeFeatures: max memory 477626368, total allocated 216006656, free 86078144, used 129928512, increment 2290344
species e07.SAL.me: 
Regularization values: linear/quadratic/product: 0.050, categorical: 0.250, threshold: 1.000, hinge: 0.500
177 samples
Density: max memory 477626368, total allocated 216006656, free 86078144, used 129928512, increment 0
linearPredictor: max memory 477626368, total allocated 216006656, free 86078144, used 129928512, increment 0
FeaturedSpace: max memory 477626368, total allocated 216006656, free 86078144, used 129928512, increment 0
Sequential: max memory 477626368, total allocated 216006656, free 86078144, used 129928512, increment 0
Initial loss: 9.227885551191932
Initial test loss: 9.227885551191932
Time since start: 7.257
280: time = 0.394000 loss = 7.665665 testLoss 7.638348
Jackknife: leave e08.SST.max out
Making features
makeFeatures: max memory 477626368, total allocated 216006656, free 83723040, used 132283616, increment 2355104
species e08.SST.max: 
Regularization values: linear/quadratic/product: 0.050, categorical: 0.250, threshold: 1.000, hinge: 0.500
177 samples
Density: max memory 477626368, total allocated 216006656, free 83723040, used 132283616, increment 0
linearPredictor: max memory 477626368, total allocated 216006656, free 83723040, used 132283616, increment 0
FeaturedSpace: max memory 477626368, total allocated 216006656, free 83723040, used 132283616, increment 0
Sequential: max memory 477626368, total allocated 216006656, free 83723040, used 132283616, increment 0
Initial loss: 9.227885551191932
Initial test loss: 9.227885551191932
320: time = 0.484000 loss = 7.475738 testLoss 7.397685
Jackknife: leave e09.SST.min out
Making features
makeFeatures: max memory 477626368, total allocated 216006656, free 81367936, used 134638720, increment 2355104
species e09.SST.min: 
Regularization values: linear/quadratic/product: 0.050, categorical: 0.250, threshold: 1.000, hinge: 0.500
177 samples
Density: max memory 477626368, total allocated 216006656, free 81367936, used 134638720, increment 0
linearPredictor: max memory 477626368, total allocated 216006656, free 81367936, used 134638720, increment 0
FeaturedSpace: max memory 477626368, total allocated 216006656, free 81367936, used 134638720, increment 0
Sequential: max memory 477626368, total allocated 216006656, free 81367936, used 134638720, increment 0
Initial loss: 9.227885551191932
Initial test loss: 9.227885551191932
Time since start: 8.435
500: time = 0.655000 loss = 8.072757 testLoss 7.729562
Jackknife: only e03.NIT.max
Making features
makeFeatures: max memory 477626368, total allocated 216006656, free 81367936, used 134638720, increment 0
species e03.NIT.max: 
Regularization values: linear/quadratic/product: 0.050, categorical: 0.250, threshold: 1.000, hinge: 0.500
177 samples
Density: max memory 477626368, total allocated 216006656, free 81367936, used 134638720, increment 0
linearPredictor: max memory 477626368, total allocated 216006656, free 81367936, used 134638720, increment 0
FeaturedSpace: max memory 477626368, total allocated 216006656, free 81367936, used 134638720, increment 0
Sequential: max memory 477626368, total allocated 216006656, free 81367936, used 134638720, increment 0
Initial loss: 9.227885551191932
Initial test loss: 9.227885551191932
60: time = 0.166000 loss = 9.220085 testLoss 9.201753
Res.gain: 0.0078003106887152285
Jackknife: only e04.NIT.min
Making features
makeFeatures: max memory 477626368, total allocated 216006656, free 79094240, used 136912416, increment 2273696
species e04.NIT.min: 
Regularization values: linear/quadratic/product: 0.050, categorical: 0.250, threshold: 1.000, hinge: 0.500
177 samples
Density: max memory 477626368, total allocated 216006656, free 79094240, used 136912416, increment 0
linearPredictor: max memory 477626368, total allocated 216006656, free 79094240, used 136912416, increment 0
FeaturedSpace: max memory 477626368, total allocated 216006656, free 79094240, used 136912416, increment 0
Sequential: max memory 477626368, total allocated 216006656, free 79094240, used 136912416, increment 0
Initial loss: 9.227885551191932
Initial test loss: 9.227885551191932
60: time = 0.197000 loss = 9.179904 testLoss 9.164263
Res.gain: 0.04798197110084779
Jackknife: only e05.PHO.max
Making features
makeFeatures: max memory 477626368, total allocated 216006656, free 79094240, used 136912416, increment 0
species e05.PHO.max: 
Regularization values: linear/quadratic/product: 0.050, categorical: 0.250, threshold: 1.000, hinge: 0.500
177 samples
Density: max memory 477626368, total allocated 216006656, free 79094240, used 136912416, increment 0
linearPredictor: max memory 477626368, total allocated 216006656, free 79094240, used 136912416, increment 0
FeaturedSpace: max memory 477626368, total allocated 216006656, free 79094240, used 136912416, increment 0
Sequential: max memory 477626368, total allocated 216006656, free 79094240, used 136912416, increment 0
Initial loss: 9.227885551191932
Initial test loss: 9.227885551191932
100: time = 0.174000 loss = 9.181708 testLoss 9.206034
Res.gain: 0.04617723296677667
Jackknife: only e06.PHO.min
Making features
makeFeatures: max memory 477626368, total allocated 216006656, free 79094240, used 136912416, increment 0
species e06.PHO.min: 
Regularization values: linear/quadratic/product: 0.050, categorical: 0.250, threshold: 1.000, hinge: 0.500
177 samples
Density: max memory 477626368, total allocated 216006656, free 79094240, used 136912416, increment 0
linearPredictor: max memory 477626368, total allocated 216006656, free 79012808, used 136993848, increment 81432
FeaturedSpace: max memory 477626368, total allocated 216006656, free 79012808, used 136993848, increment 0
Sequential: max memory 477626368, total allocated 216006656, free 79012808, used 136993848, increment 0
Initial loss: 9.227885551191932
Initial test loss: 9.227885551191932
60: time = 0.163000 loss = 9.160741 testLoss 9.112246
Res.gain: 0.06714502894288188
Jackknife: only e07.SAL.me
Making features
makeFeatures: max memory 477626368, total allocated 216006656, free 76739112, used 139267544, increment 2273696
species e07.SAL.me: 
Regularization values: linear/quadratic/product: 0.050, categorical: 0.250, threshold: 1.000, hinge: 0.500
177 samples
Density: max memory 477626368, total allocated 216006656, free 76739112, used 139267544, increment 0
linearPredictor: max memory 477626368, total allocated 216006656, free 76739112, used 139267544, increment 0
FeaturedSpace: max memory 477626368, total allocated 216006656, free 76739112, used 139267544, increment 0
Sequential: max memory 477626368, total allocated 216006656, free 76739112, used 139267544, increment 0
Initial loss: 9.227885551191932
Initial test loss: 9.227885551191932
180: time = 0.207000 loss = 8.985809 testLoss 8.940381
Res.gain: 0.24207634557003566
Jackknife: only e08.SST.max
Making features
makeFeatures: max memory 477626368, total allocated 216006656, free 76739112, used 139267544, increment 0
species e08.SST.max: 
Regularization values: linear/quadratic/product: 0.050, categorical: 0.250, threshold: 1.000, hinge: 0.500
177 samples
Density: max memory 477626368, total allocated 216006656, free 76739112, used 139267544, increment 0
linearPredictor: max memory 477626368, total allocated 216006656, free 76739112, used 139267544, increment 0
FeaturedSpace: max memory 477626368, total allocated 216006656, free 76739112, used 139267544, increment 0
Sequential: max memory 477626368, total allocated 216006656, free 76739112, used 139267544, increment 0
Initial loss: 9.227885551191932
Initial test loss: 9.227885551191932
Time since start: 9.636
180: time = 0.243000 loss = 8.487345 testLoss 8.282659
Res.gain: 0.7405401064414043
Jackknife: only e09.SST.min
Making features
makeFeatures: max memory 477626368, total allocated 216006656, free 74465416, used 141541240, increment 2273696
species e09.SST.min: 
Regularization values: linear/quadratic/product: 0.050, categorical: 0.250, threshold: 1.000, hinge: 0.500
177 samples
Density: max memory 477626368, total allocated 216006656, free 74465416, used 141541240, increment 0
linearPredictor: max memory 477626368, total allocated 216006656, free 74465416, used 141541240, increment 0
FeaturedSpace: max memory 477626368, total allocated 216006656, free 74465416, used 141541240, increment 0
Sequential: max memory 477626368, total allocated 216006656, free 74465416, used 141541240, increment 0
Initial loss: 9.227885551191932
Initial test loss: 9.227885551191932
120: time = 0.182000 loss = 8.028650 testLoss 8.081445
Res.gain: 1.1992356871656575
Ending
