Mon Jan 24 12:19:11 EST 2022
MaxEnt version 3.4.3
Reading file absence
readGrid: max memory 477626368, total allocated 193462272, free 167957856, used 25504416, increment -90008680
Reading samples from presence
Read samples: max memory 477626368, total allocated 193462272, free 133519248, used 59943024, increment 34438608
Adding samples to background in feature space
Command line used:  autorun -e UNDA/Maxent outputs/unda.max.3/absence -o UNDA/Maxent outputs/unda.max.3 -s UNDA/Maxent outputs/unda.max.3/presence -z linear=TRUE quadratic=TRUE product=FALSE threshold=FALSE hinge=FALSE randomtestpoints=30 responsecurves=TRUE jackknife=TRUE
Command line to repeat: java density.MaxEnt nowarnings noprefixes responsecurves jackknife "outputdirectory=UNDA/Maxent outputs/unda.max.3" "samplesfile=UNDA/Maxent outputs/unda.max.3/presence" "environmentallayers=UNDA/Maxent outputs/unda.max.3/absence" randomtestpoints=30 noproduct nohinge autorun novisible
Species: species
Layers: e04.NIT.min e05.PHO.max e08.SST.max e09.SST.min
Layertypes: Continuous Continuous Continuous Continuous
responsecurves: true
jackknife: true
outputdirectory: UNDA/Maxent outputs/unda.max.3
samplesfile: UNDA/Maxent outputs/unda.max.3/presence
environmentallayers: UNDA/Maxent outputs/unda.max.3/absence
randomtestpoints: 30
product: false
hinge: false
autorun: true
visible: false

getSamples: max memory 477626368, total allocated 193462272, free 131706688, used 61755584, increment 1812560
Making features
makeFeatures: max memory 477626368, total allocated 193462272, free 131706688, used 61755584, increment 0
species: 
Regularization values: linear/quadratic/product: 0.187, categorical: 0.250, threshold: 1.480, hinge: 0.500
52 samples
Density: max memory 477626368, total allocated 193462272, free 131706688, used 61755584, increment 0
linearPredictor: max memory 477626368, total allocated 193462272, free 131706688, used 61755584, increment 0
FeaturedSpace: max memory 477626368, total allocated 193462272, free 131706688, used 61755584, increment 0
Sequential: max memory 477626368, total allocated 193462272, free 131706688, used 61755584, increment 0
Initial loss: 9.215526898663482
Initial test loss: 9.215526898663482
420: time = 0.525000 loss = 7.477664 testLoss 7.956136
Resulting gain: 1.7378633579496965
Projecting...
Writing file UNDA\Maxent outputs\unda.max.3\species.csv
Time since start: 1.033
species response curves
Response curve: only e04.NIT.min
Making features
makeFeatures: max memory 477626368, total allocated 193462272, free 94064536, used 99397736, increment 37642152
species e04.NIT.min: 
Regularization values: linear/quadratic/product: 0.187, categorical: 0.250, threshold: 1.480, hinge: 0.500
52 samples
Density: max memory 477626368, total allocated 193462272, free 94064536, used 99397736, increment 0
linearPredictor: max memory 477626368, total allocated 193462272, free 94064536, used 99397736, increment 0
FeaturedSpace: max memory 477626368, total allocated 193462272, free 94064536, used 99397736, increment 0
Sequential: max memory 477626368, total allocated 193462272, free 94064536, used 99397736, increment 0
Initial loss: 9.215526898663482
60: time = 0.170000 loss = 9.156461
Resulting gain: 0.05906618236071637
species response curves
Response curve: only e05.PHO.max
Making features
makeFeatures: max memory 477626368, total allocated 193462272, free 90434648, used 103027624, increment 3629888
species e05.PHO.max: 
Regularization values: linear/quadratic/product: 0.187, categorical: 0.250, threshold: 1.480, hinge: 0.500
52 samples
Density: max memory 477626368, total allocated 193462272, free 90434648, used 103027624, increment 0
linearPredictor: max memory 477626368, total allocated 193462272, free 90434648, used 103027624, increment 0
FeaturedSpace: max memory 477626368, total allocated 193462272, free 90434648, used 103027624, increment 0
Sequential: max memory 477626368, total allocated 193462272, free 90434648, used 103027624, increment 0
Initial loss: 9.215526898663482
120: time = 0.185000 loss = 9.000773
Resulting gain: 0.2147537502706207
species response curves
Response curve: only e08.SST.max
Making features
makeFeatures: max memory 477626368, total allocated 193462272, free 85847136, used 107615136, increment 4587512
species e08.SST.max: 
Regularization values: linear/quadratic/product: 0.187, categorical: 0.250, threshold: 1.480, hinge: 0.500
52 samples
Density: max memory 477626368, total allocated 193462272, free 85847136, used 107615136, increment 0
linearPredictor: max memory 477626368, total allocated 193462272, free 85847136, used 107615136, increment 0
FeaturedSpace: max memory 477626368, total allocated 193462272, free 85847136, used 107615136, increment 0
Sequential: max memory 477626368, total allocated 193462272, free 85847136, used 107615136, increment 0
Initial loss: 9.215526898663482
Time since start: 2.17
180: time = 0.231000 loss = 8.401063
Resulting gain: 0.8144639027101093
species response curves
Response curve: only e09.SST.min
Making features
makeFeatures: max memory 477626368, total allocated 193462272, free 82911312, used 110550960, increment 2935824
species e09.SST.min: 
Regularization values: linear/quadratic/product: 0.187, categorical: 0.250, threshold: 1.480, hinge: 0.500
52 samples
Density: max memory 477626368, total allocated 193462272, free 82830880, used 110631392, increment 80432
linearPredictor: max memory 477626368, total allocated 193462272, free 82750448, used 110711824, increment 80432
FeaturedSpace: max memory 477626368, total allocated 193462272, free 82750448, used 110711824, increment 0
Sequential: max memory 477626368, total allocated 193462272, free 82750448, used 110711824, increment 0
Initial loss: 9.215526898663482
160: time = 0.250000 loss = 7.812823
Resulting gain: 1.402703998864415
species response curves
Jackknife: leave e04.NIT.min out
Making features
makeFeatures: max memory 477626368, total allocated 186646528, free 144250968, used 42395560, increment -68316264
species e04.NIT.min: 
Regularization values: linear/quadratic/product: 0.187, categorical: 0.250, threshold: 1.480, hinge: 0.500
52 samples
Density: max memory 477626368, total allocated 186646528, free 144170536, used 42475992, increment 80432
linearPredictor: max memory 477626368, total allocated 186646528, free 144090104, used 42556424, increment 80432
FeaturedSpace: max memory 477626368, total allocated 186646528, free 144090104, used 42556424, increment 0
Sequential: max memory 477626368, total allocated 186646528, free 144090104, used 42556424, increment 0
Initial loss: 9.215526898663482
Initial test loss: 9.215526898663482
Time since start: 3.224
380: time = 0.471000 loss = 7.552682 testLoss 7.771648
Jackknife: leave e05.PHO.max out
Making features
makeFeatures: max memory 477626368, total allocated 186646528, free 142312592, used 44333936, increment 1777512
species e05.PHO.max: 
Regularization values: linear/quadratic/product: 0.187, categorical: 0.250, threshold: 1.480, hinge: 0.500
52 samples
Density: max memory 477626368, total allocated 186646528, free 142312592, used 44333936, increment 0
linearPredictor: max memory 477626368, total allocated 186646528, free 142312592, used 44333936, increment 0
FeaturedSpace: max memory 477626368, total allocated 186646528, free 142312592, used 44333936, increment 0
Sequential: max memory 477626368, total allocated 186646528, free 142312592, used 44333936, increment 0
Initial loss: 9.215526898663482
Initial test loss: 9.215526898663482
320: time = 0.393000 loss = 7.587397 testLoss 7.828628
Jackknife: leave e08.SST.max out
Making features
makeFeatures: max memory 477626368, total allocated 186646528, free 140522808, used 46123720, increment 1789784
species e08.SST.max: 
Regularization values: linear/quadratic/product: 0.187, categorical: 0.250, threshold: 1.480, hinge: 0.500
52 samples
Density: max memory 477626368, total allocated 186646528, free 140522808, used 46123720, increment 0
linearPredictor: max memory 477626368, total allocated 186646528, free 140522808, used 46123720, increment 0
FeaturedSpace: max memory 477626368, total allocated 186646528, free 140522808, used 46123720, increment 0
Sequential: max memory 477626368, total allocated 186646528, free 140522808, used 46123720, increment 0
Initial loss: 9.215526898663482
Initial test loss: 9.215526898663482
180: time = 0.308000 loss = 7.530767 testLoss 8.282287
Jackknife: leave e09.SST.min out
Making features
makeFeatures: max memory 477626368, total allocated 186646528, free 140201080, used 46445448, increment 321728
species e09.SST.min: 
Regularization values: linear/quadratic/product: 0.187, categorical: 0.250, threshold: 1.480, hinge: 0.500
52 samples
Density: max memory 477626368, total allocated 186646528, free 140120648, used 46525880, increment 80432
linearPredictor: max memory 477626368, total allocated 186646528, free 140040216, used 46606312, increment 80432
FeaturedSpace: max memory 477626368, total allocated 186646528, free 140040216, used 46606312, increment 0
Sequential: max memory 477626368, total allocated 186646528, free 140040216, used 46606312, increment 0
Initial loss: 9.215526898663482
Initial test loss: 9.215526898663482
Time since start: 4.278
220: time = 0.328000 loss = 8.187921 testLoss 8.149020
Jackknife: only e04.NIT.min
Making features
makeFeatures: max memory 477626368, total allocated 186646528, free 138262712, used 48383816, increment 1777504
species e04.NIT.min: 
Regularization values: linear/quadratic/product: 0.187, categorical: 0.250, threshold: 1.480, hinge: 0.500
52 samples
Density: max memory 477626368, total allocated 186646528, free 138262712, used 48383816, increment 0
linearPredictor: max memory 477626368, total allocated 186646528, free 138262712, used 48383816, increment 0
FeaturedSpace: max memory 477626368, total allocated 186646528, free 138262712, used 48383816, increment 0
Sequential: max memory 477626368, total allocated 186646528, free 138262712, used 48383816, increment 0
Initial loss: 9.215526898663482
Initial test loss: 9.215526898663482
60: time = 0.182000 loss = 9.156461 testLoss 9.155077
Res.gain: 0.05906618236071637
Jackknife: only e05.PHO.max
Making features
makeFeatures: max memory 477626368, total allocated 186646528, free 138262712, used 48383816, increment 0
species e05.PHO.max: 
Regularization values: linear/quadratic/product: 0.187, categorical: 0.250, threshold: 1.480, hinge: 0.500
52 samples
Density: max memory 477626368, total allocated 186646528, free 138262712, used 48383816, increment 0
linearPredictor: max memory 477626368, total allocated 186646528, free 138182280, used 48464248, increment 80432
FeaturedSpace: max memory 477626368, total allocated 186646528, free 138182280, used 48464248, increment 0
Sequential: max memory 477626368, total allocated 186646528, free 138182280, used 48464248, increment 0
Initial loss: 9.215526898663482
Initial test loss: 9.215526898663482
120: time = 0.188000 loss = 9.000773 testLoss 9.146025
Res.gain: 0.2147537502706207
Jackknife: only e08.SST.max
Making features
makeFeatures: max memory 477626368, total allocated 186646528, free 136404728, used 50241800, increment 1777552
species e08.SST.max: 
Regularization values: linear/quadratic/product: 0.187, categorical: 0.250, threshold: 1.480, hinge: 0.500
52 samples
Density: max memory 477626368, total allocated 186646528, free 136404728, used 50241800, increment 0
linearPredictor: max memory 477626368, total allocated 186646528, free 136404728, used 50241800, increment 0
FeaturedSpace: max memory 477626368, total allocated 186646528, free 136404728, used 50241800, increment 0
Sequential: max memory 477626368, total allocated 186646528, free 136404728, used 50241800, increment 0
Initial loss: 9.215526898663482
Initial test loss: 9.215526898663482
180: time = 0.235000 loss = 8.401063 testLoss 8.212018
Res.gain: 0.8144639027101093
Jackknife: only e09.SST.min
Making features
makeFeatures: max memory 477626368, total allocated 186646528, free 136404728, used 50241800, increment 0
species e09.SST.min: 
Regularization values: linear/quadratic/product: 0.187, categorical: 0.250, threshold: 1.480, hinge: 0.500
52 samples
Density: max memory 477626368, total allocated 186646528, free 136404728, used 50241800, increment 0
linearPredictor: max memory 477626368, total allocated 186646528, free 136324296, used 50322232, increment 80432
FeaturedSpace: max memory 477626368, total allocated 186646528, free 136324296, used 50322232, increment 0
Sequential: max memory 477626368, total allocated 186646528, free 136324296, used 50322232, increment 0
Initial loss: 9.215526898663482
Initial test loss: 9.215526898663482
160: time = 0.202000 loss = 7.812823 testLoss 8.320598
Res.gain: 1.402703998864415
Time since start: 5.297
Ending
