Mon Jan 24 11:00:03 EST 2022
MaxEnt version 3.4.3
Reading file absence
readGrid: max memory 477626368, total allocated 203423744, free 81206000, used 122217744, increment 22573792
Reading samples from presence
Read samples: max memory 477626368, total allocated 207618048, free 105879344, used 101738704, increment -20479040
Adding samples to background in feature space
Command line used:  autorun -e UNDA/Maxent outputs/unda.max.1/absence -o UNDA/Maxent outputs/unda.max.1 -s UNDA/Maxent outputs/unda.max.1/presence -z linear=TRUE quadratic=TRUE product=FALSE threshold=FALSE hinge=FALSE randomtestpoints=30 responsecurves=TRUE jackknife=TRUE
Command line to repeat: java density.MaxEnt nowarnings noprefixes responsecurves jackknife "outputdirectory=UNDA/Maxent outputs/unda.max.1" "samplesfile=UNDA/Maxent outputs/unda.max.1/presence" "environmentallayers=UNDA/Maxent outputs/unda.max.1/absence" randomtestpoints=30 noproduct nohinge autorun novisible
Species: species
Layers: e03.NIT.max e04.NIT.min e05.PHO.max e06.PHO.min e07.SAL.me e08.SST.max e09.SST.min
Layertypes: Continuous Continuous Continuous Continuous Continuous Continuous Continuous
responsecurves: true
jackknife: true
outputdirectory: UNDA/Maxent outputs/unda.max.1
samplesfile: UNDA/Maxent outputs/unda.max.1/presence
environmentallayers: UNDA/Maxent outputs/unda.max.1/absence
randomtestpoints: 30
product: false
hinge: false
autorun: true
visible: false

getSamples: max memory 477626368, total allocated 207618048, free 105879344, used 101738704, increment 0
Making features
makeFeatures: max memory 477626368, total allocated 207618048, free 103746088, used 103871960, increment 2133256
species: 
Regularization values: linear/quadratic/product: 0.187, categorical: 0.250, threshold: 1.480, hinge: 0.500
52 samples
Density: max memory 477626368, total allocated 207618048, free 103746088, used 103871960, increment 0
linearPredictor: max memory 477626368, total allocated 207618048, free 103746088, used 103871960, increment 0
FeaturedSpace: max memory 477626368, total allocated 207618048, free 103746088, used 103871960, increment 0
Sequential: max memory 477626368, total allocated 207618048, free 103746088, used 103871960, increment 0
Initial loss: 9.215526898663482
Initial test loss: 9.215526898663482
420: time = 0.576000 loss = 7.215579 testLoss 7.538888
Resulting gain: 1.9999480682603643
Time since start: 1.188
Projecting...
Writing file UNDA\Maxent outputs\unda.max.1\species.csv
species response curves
Response curve: only e03.NIT.max
Making features
makeFeatures: max memory 477626368, total allocated 200278016, free 152023848, used 48254168, increment -55617792
species e03.NIT.max: 
Regularization values: linear/quadratic/product: 0.187, categorical: 0.250, threshold: 1.480, hinge: 0.500
52 samples
Density: max memory 477626368, total allocated 200278016, free 151943416, used 48334600, increment 80432
linearPredictor: max memory 477626368, total allocated 200278016, free 151862984, used 48415032, increment 80432
FeaturedSpace: max memory 477626368, total allocated 200278016, free 151862984, used 48415032, increment 0
Sequential: max memory 477626368, total allocated 200278016, free 151862984, used 48415032, increment 0
Initial loss: 9.215526898663482
100: time = 0.144000 loss = 9.209543
Resulting gain: 0.005984243355275254
species response curves
Response curve: only e04.NIT.min
Making features
makeFeatures: max memory 477626368, total allocated 200278016, free 147814568, used 52463448, increment 4048416
species e04.NIT.min: 
Regularization values: linear/quadratic/product: 0.187, categorical: 0.250, threshold: 1.480, hinge: 0.500
52 samples
Density: max memory 477626368, total allocated 200278016, free 147734136, used 52543880, increment 80432
linearPredictor: max memory 477626368, total allocated 200278016, free 147653704, used 52624312, increment 80432
FeaturedSpace: max memory 477626368, total allocated 200278016, free 147653704, used 52624312, increment 0
Sequential: max memory 477626368, total allocated 200278016, free 147653704, used 52624312, increment 0
Initial loss: 9.215526898663482
Time since start: 2.366
60: time = 0.191000 loss = 9.162913
Resulting gain: 0.05261365457740119
species response curves
Response curve: only e05.PHO.max
Making features
makeFeatures: max memory 477626368, total allocated 200278016, free 143588984, used 56689032, increment 4064720
species e05.PHO.max: 
Regularization values: linear/quadratic/product: 0.187, categorical: 0.250, threshold: 1.480, hinge: 0.500
52 samples
Density: max memory 477626368, total allocated 200278016, free 143588984, used 56689032, increment 0
linearPredictor: max memory 477626368, total allocated 200278016, free 141485600, used 58792416, increment 2103384
FeaturedSpace: max memory 477626368, total allocated 200278016, free 141485600, used 58792416, increment 0
Sequential: max memory 477626368, total allocated 200278016, free 141485600, used 58792416, increment 0
Initial loss: 9.215526898663482
100: time = 0.178000 loss = 9.008477
Resulting gain: 0.20704979919435473
species response curves
Response curve: only e06.PHO.min
Making features
makeFeatures: max memory 477626368, total allocated 200278016, free 139460232, used 60817784, increment 2025368
species e06.PHO.min: 
Regularization values: linear/quadratic/product: 0.187, categorical: 0.250, threshold: 1.480, hinge: 0.500
52 samples
Density: max memory 477626368, total allocated 200278016, free 137356848, used 62921168, increment 2103384
linearPredictor: max memory 477626368, total allocated 200278016, free 137356848, used 62921168, increment 0
FeaturedSpace: max memory 477626368, total allocated 200278016, free 137356848, used 62921168, increment 0
Sequential: max memory 477626368, total allocated 200278016, free 137356848, used 62921168, increment 0
Initial loss: 9.215526898663482
100: time = 0.160000 loss = 9.164681
Resulting gain: 0.05084626905658318
species response curves
Response curve: only e07.SAL.me
Making features
makeFeatures: max memory 477626368, total allocated 200278016, free 133228096, used 67049920, increment 4128752
species e07.SAL.me: 
Regularization values: linear/quadratic/product: 0.187, categorical: 0.250, threshold: 1.480, hinge: 0.500
52 samples
Density: max memory 477626368, total allocated 200278016, free 133228096, used 67049920, increment 0
linearPredictor: max memory 477626368, total allocated 200278016, free 133228096, used 67049920, increment 0
FeaturedSpace: max memory 477626368, total allocated 200278016, free 133228096, used 67049920, increment 0
Sequential: max memory 477626368, total allocated 200278016, free 133228096, used 67049920, increment 0
Initial loss: 9.215526898663482
80: time = 0.127000 loss = 9.200554
Resulting gain: 0.014973309072207286
species response curves
Response curve: only e08.SST.max
Making features
makeFeatures: max memory 477626368, total allocated 200278016, free 129099344, used 71178672, increment 4128752
species e08.SST.max: 
Regularization values: linear/quadratic/product: 0.187, categorical: 0.250, threshold: 1.480, hinge: 0.500
52 samples
Density: max memory 477626368, total allocated 200278016, free 129099344, used 71178672, increment 0
linearPredictor: max memory 477626368, total allocated 200278016, free 129099344, used 71178672, increment 0
FeaturedSpace: max memory 477626368, total allocated 200278016, free 129099344, used 71178672, increment 0
Sequential: max memory 477626368, total allocated 200278016, free 129099344, used 71178672, increment 0
Initial loss: 9.215526898663482
Time since start: 3.471
180: time = 0.244000 loss = 8.370039
Resulting gain: 0.8454875988043504
species response curves
Response curve: only e09.SST.min
Making features
makeFeatures: max memory 477626368, total allocated 200278016, free 125050168, used 75227848, increment 4049176
species e09.SST.min: 
Regularization values: linear/quadratic/product: 0.187, categorical: 0.250, threshold: 1.480, hinge: 0.500
52 samples
Density: max memory 477626368, total allocated 200278016, free 125050168, used 75227848, increment 0
linearPredictor: max memory 477626368, total allocated 200278016, free 125050168, used 75227848, increment 0
FeaturedSpace: max memory 477626368, total allocated 200278016, free 125050168, used 75227848, increment 0
Sequential: max memory 477626368, total allocated 200278016, free 125050168, used 75227848, increment 0
Initial loss: 9.215526898663482
160: time = 0.203000 loss = 7.807945
Resulting gain: 1.407581786131792
species response curves
Jackknife: leave e03.NIT.max out
Making features
makeFeatures: max memory 477626368, total allocated 200278016, free 88351696, used 111926320, increment 36698472
species e03.NIT.max: 
Regularization values: linear/quadratic/product: 0.187, categorical: 0.250, threshold: 1.480, hinge: 0.500
52 samples
Density: max memory 477626368, total allocated 200278016, free 88351696, used 111926320, increment 0
linearPredictor: max memory 477626368, total allocated 200278016, free 88351696, used 111926320, increment 0
FeaturedSpace: max memory 477626368, total allocated 200278016, free 88351696, used 111926320, increment 0
Sequential: max memory 477626368, total allocated 200278016, free 88351696, used 111926320, increment 0
Initial loss: 9.215526898663482
Initial test loss: 9.215526898663482
Time since start: 4.749
500: time = 0.613000 loss = 7.215591 testLoss 7.537013
Jackknife: leave e04.NIT.min out
Making features
makeFeatures: max memory 477626368, total allocated 200278016, free 87386512, used 112891504, increment 965184
species e04.NIT.min: 
Regularization values: linear/quadratic/product: 0.187, categorical: 0.250, threshold: 1.480, hinge: 0.500
52 samples
Density: max memory 477626368, total allocated 200278016, free 87306080, used 112971936, increment 80432
linearPredictor: max memory 477626368, total allocated 200278016, free 87225648, used 113052368, increment 80432
FeaturedSpace: max memory 477626368, total allocated 200278016, free 87225648, used 113052368, increment 0
Sequential: max memory 477626368, total allocated 200278016, free 87225648, used 113052368, increment 0
Initial loss: 9.215526898663482
Initial test loss: 9.215526898663482
500: time = 0.606000 loss = 7.247933 testLoss 7.436474
Jackknife: leave e05.PHO.max out
Making features
makeFeatures: max memory 477626368, total allocated 200278016, free 85202648, used 115075368, increment 2023000
species e05.PHO.max: 
Regularization values: linear/quadratic/product: 0.187, categorical: 0.250, threshold: 1.480, hinge: 0.500
52 samples
Density: max memory 477626368, total allocated 200278016, free 85202648, used 115075368, increment 0
linearPredictor: max memory 477626368, total allocated 200278016, free 85202648, used 115075368, increment 0
FeaturedSpace: max memory 477626368, total allocated 200278016, free 85202648, used 115075368, increment 0
Sequential: max memory 477626368, total allocated 200278016, free 85202648, used 115075368, increment 0
Initial loss: 9.215526898663482
Initial test loss: 9.215526898663482
Time since start: 5.902
420: time = 0.522000 loss = 7.333325 testLoss 7.259091
Jackknife: leave e06.PHO.min out
Making features
makeFeatures: max memory 477626368, total allocated 200278016, free 83179632, used 117098384, increment 2023016
species e06.PHO.min: 
Regularization values: linear/quadratic/product: 0.187, categorical: 0.250, threshold: 1.480, hinge: 0.500
52 samples
Density: max memory 477626368, total allocated 200278016, free 83179632, used 117098384, increment 0
linearPredictor: max memory 477626368, total allocated 200278016, free 83179632, used 117098384, increment 0
FeaturedSpace: max memory 477626368, total allocated 200278016, free 83179632, used 117098384, increment 0
Sequential: max memory 477626368, total allocated 200278016, free 83179632, used 117098384, increment 0
Initial loss: 9.215526898663482
Initial test loss: 9.215526898663482
500: time = 0.598000 loss = 7.286519 testLoss 7.536598
Jackknife: leave e07.SAL.me out
Making features
makeFeatures: max memory 477626368, total allocated 200278016, free 81156624, used 119121392, increment 2023008
species e07.SAL.me: 
Regularization values: linear/quadratic/product: 0.187, categorical: 0.250, threshold: 1.480, hinge: 0.500
52 samples
Density: max memory 477626368, total allocated 200278016, free 81156624, used 119121392, increment 0
linearPredictor: max memory 477626368, total allocated 200278016, free 81156624, used 119121392, increment 0
FeaturedSpace: max memory 477626368, total allocated 200278016, free 81156624, used 119121392, increment 0
Sequential: max memory 477626368, total allocated 200278016, free 81156624, used 119121392, increment 0
Initial loss: 9.215526898663482
Initial test loss: 9.215526898663482
Time since start: 7.125
500: time = 0.594000 loss = 7.278162 testLoss 7.573635
Jackknife: leave e08.SST.max out
Making features
makeFeatures: max memory 477626368, total allocated 200278016, free 79133560, used 121144456, increment 2023064
species e08.SST.max: 
Regularization values: linear/quadratic/product: 0.187, categorical: 0.250, threshold: 1.480, hinge: 0.500
52 samples
Density: max memory 477626368, total allocated 200278016, free 79133560, used 121144456, increment 0
linearPredictor: max memory 477626368, total allocated 200278016, free 79133560, used 121144456, increment 0
FeaturedSpace: max memory 477626368, total allocated 200278016, free 79133560, used 121144456, increment 0
Sequential: max memory 477626368, total allocated 200278016, free 79133560, used 121144456, increment 0
Initial loss: 9.215526898663482
Initial test loss: 9.215526898663482
340: time = 0.449000 loss = 7.451377 testLoss 8.313282
Jackknife: leave e09.SST.min out
Making features
makeFeatures: max memory 477626368, total allocated 200278016, free 77110552, used 123167464, increment 2023008
species e09.SST.min: 
Regularization values: linear/quadratic/product: 0.187, categorical: 0.250, threshold: 1.480, hinge: 0.500
52 samples
Density: max memory 477626368, total allocated 200278016, free 77110552, used 123167464, increment 0
linearPredictor: max memory 477626368, total allocated 200278016, free 77110552, used 123167464, increment 0
FeaturedSpace: max memory 477626368, total allocated 200278016, free 77110552, used 123167464, increment 0
Sequential: max memory 477626368, total allocated 200278016, free 77110552, used 123167464, increment 0
Initial loss: 9.215526898663482
Initial test loss: 9.215526898663482
320: time = 0.418000 loss = 8.049369 testLoss 8.073790
Jackknife: only e03.NIT.max
Making features
makeFeatures: max memory 477626368, total allocated 200278016, free 75087576, used 125190440, increment 2022976
species e03.NIT.max: 
Regularization values: linear/quadratic/product: 0.187, categorical: 0.250, threshold: 1.480, hinge: 0.500
52 samples
Density: max memory 477626368, total allocated 200278016, free 75087576, used 125190440, increment 0
linearPredictor: max memory 477626368, total allocated 200278016, free 75087576, used 125190440, increment 0
FeaturedSpace: max memory 477626368, total allocated 200278016, free 75087576, used 125190440, increment 0
Sequential: max memory 477626368, total allocated 200278016, free 75087576, used 125190440, increment 0
Initial loss: 9.215526898663482
Initial test loss: 9.215526898663482
Time since start: 8.163
100: time = 0.135000 loss = 9.209543 testLoss 9.178320
Res.gain: 0.005984243355275254
Jackknife: only e04.NIT.min
Making features
makeFeatures: max memory 477626368, total allocated 200278016, free 75087576, used 125190440, increment 0
species e04.NIT.min: 
Regularization values: linear/quadratic/product: 0.187, categorical: 0.250, threshold: 1.480, hinge: 0.500
52 samples
Density: max memory 477626368, total allocated 200278016, free 75087576, used 125190440, increment 0
linearPredictor: max memory 477626368, total allocated 200278016, free 75087576, used 125190440, increment 0
FeaturedSpace: max memory 477626368, total allocated 200278016, free 75087576, used 125190440, increment 0
Sequential: max memory 477626368, total allocated 200278016, free 75087576, used 125190440, increment 0
Initial loss: 9.215526898663482
Initial test loss: 9.215526898663482
60: time = 0.176000 loss = 9.162913 testLoss 9.162929
Res.gain: 0.05261365457740119
Jackknife: only e05.PHO.max
Making features
makeFeatures: max memory 477626368, total allocated 200278016, free 74592112, used 125685904, increment 495464
species e05.PHO.max: 
Regularization values: linear/quadratic/product: 0.187, categorical: 0.250, threshold: 1.480, hinge: 0.500
52 samples
Density: max memory 477626368, total allocated 200278016, free 179134640, used 21143376, increment -104542528
linearPredictor: max memory 477626368, total allocated 200278016, free 177161928, used 23116088, increment 1972712
FeaturedSpace: max memory 477626368, total allocated 200278016, free 177161928, used 23116088, increment 0
Sequential: max memory 477626368, total allocated 200278016, free 177161928, used 23116088, increment 0
Initial loss: 9.215526898663482
Initial test loss: 9.215526898663482
100: time = 0.169000 loss = 9.008477 testLoss 9.151487
Res.gain: 0.20704979919435473
Jackknife: only e06.PHO.min
Making features
makeFeatures: max memory 477626368, total allocated 200278016, free 177161928, used 23116088, increment 0
species e06.PHO.min: 
Regularization values: linear/quadratic/product: 0.187, categorical: 0.250, threshold: 1.480, hinge: 0.500
52 samples
Density: max memory 477626368, total allocated 200278016, free 177161928, used 23116088, increment 0
linearPredictor: max memory 477626368, total allocated 200278016, free 177161928, used 23116088, increment 0
FeaturedSpace: max memory 477626368, total allocated 200278016, free 177161928, used 23116088, increment 0
Sequential: max memory 477626368, total allocated 200278016, free 177161928, used 23116088, increment 0
Initial loss: 9.215526898663482
Initial test loss: 9.215526898663482
100: time = 0.161000 loss = 9.164681 testLoss 9.144900
Res.gain: 0.05084626905658318
Jackknife: only e07.SAL.me
Making features
makeFeatures: max memory 477626368, total allocated 200278016, free 177161928, used 23116088, increment 0
species e07.SAL.me: 
Regularization values: linear/quadratic/product: 0.187, categorical: 0.250, threshold: 1.480, hinge: 0.500
52 samples
Density: max memory 477626368, total allocated 200278016, free 177161928, used 23116088, increment 0
linearPredictor: max memory 477626368, total allocated 200278016, free 177161928, used 23116088, increment 0
FeaturedSpace: max memory 477626368, total allocated 200278016, free 177161928, used 23116088, increment 0
Sequential: max memory 477626368, total allocated 200278016, free 177161928, used 23116088, increment 0
Initial loss: 9.215526898663482
Initial test loss: 9.215526898663482
80: time = 0.126000 loss = 9.200554 testLoss 9.264259
Res.gain: 0.014973309072207286
Jackknife: only e08.SST.max
Making features
makeFeatures: max memory 477626368, total allocated 200278016, free 175189224, used 25088792, increment 1972704
species e08.SST.max: 
Regularization values: linear/quadratic/product: 0.187, categorical: 0.250, threshold: 1.480, hinge: 0.500
52 samples
Density: max memory 477626368, total allocated 200278016, free 175189224, used 25088792, increment 0
linearPredictor: max memory 477626368, total allocated 200278016, free 175189224, used 25088792, increment 0
FeaturedSpace: max memory 477626368, total allocated 200278016, free 175189224, used 25088792, increment 0
Sequential: max memory 477626368, total allocated 200278016, free 175189224, used 25088792, increment 0
Initial loss: 9.215526898663482
Initial test loss: 9.215526898663482
180: time = 0.251000 loss = 8.370039 testLoss 8.164369
Res.gain: 0.8454875988043504
Jackknife: only e09.SST.min
Making features
makeFeatures: max memory 477626368, total allocated 200278016, free 175189224, used 25088792, increment 0
species e09.SST.min: 
Regularization values: linear/quadratic/product: 0.187, categorical: 0.250, threshold: 1.480, hinge: 0.500
52 samples
Density: max memory 477626368, total allocated 200278016, free 175189224, used 25088792, increment 0
linearPredictor: max memory 477626368, total allocated 200278016, free 175189224, used 25088792, increment 0
FeaturedSpace: max memory 477626368, total allocated 200278016, free 175189224, used 25088792, increment 0
Sequential: max memory 477626368, total allocated 200278016, free 175189224, used 25088792, increment 0
Initial loss: 9.215526898663482
Initial test loss: 9.215526898663482
Time since start: 9.3
160: time = 0.212000 loss = 7.807945 testLoss 8.319231
Res.gain: 1.407581786131792
Ending
