Tue May 17 10:44:09 EDT 2022
MaxEnt version 3.4.3
Reading file absence
readGrid: max memory 477626368, total allocated 151519232, free 49025752, used 102493480, increment 8850256
Reading samples from presence
Read samples: max memory 477626368, total allocated 162004992, free 70044424, used 91960568, increment -10532912
Adding samples to background in feature space
Command line used:  autorun -e CODI/Maxent Outputs 4.1/codi.max.final.5/absence -o CODI/Maxent Outputs 4.1/codi.max.final.5 -s CODI/Maxent Outputs 4.1/codi.max.final.5/presence -z linear=TRUE quadratic=TRUE product=FALSE threshold=FALSE hinge=FALSE randomtestpoints=30 responsecurves=TRUE jackknife=TRUE
Command line to repeat: java density.MaxEnt nowarnings noprefixes responsecurves jackknife "outputdirectory=CODI/Maxent Outputs 4.1/codi.max.final.5" "samplesfile=CODI/Maxent Outputs 4.1/codi.max.final.5/presence" "environmentallayers=CODI/Maxent Outputs 4.1/codi.max.final.5/absence" randomtestpoints=30 noproduct nohinge autorun novisible
Species: species
Layers: e05.PHO.max e08.SST.max e09.SST.min
Layertypes: Continuous Continuous Continuous
responsecurves: true
jackknife: true
outputdirectory: CODI/Maxent Outputs 4.1/codi.max.final.5
samplesfile: CODI/Maxent Outputs 4.1/codi.max.final.5/presence
environmentallayers: CODI/Maxent Outputs 4.1/codi.max.final.5/absence
randomtestpoints: 30
product: false
hinge: false
autorun: true
visible: false

getSamples: max memory 477626368, total allocated 162004992, free 67866936, used 94138056, increment 2177488
Making features
makeFeatures: max memory 477626368, total allocated 162004992, free 67866936, used 94138056, increment 0
species: 
Regularization values: linear/quadratic/product: 0.050, categorical: 0.250, threshold: 1.000, hinge: 0.500
187 samples
Density: max memory 477626368, total allocated 162004992, free 67785424, used 94219568, increment 81512
linearPredictor: max memory 477626368, total allocated 162004992, free 67703912, used 94301080, increment 81512
FeaturedSpace: max memory 477626368, total allocated 162004992, free 67703912, used 94301080, increment 0
Sequential: max memory 477626368, total allocated 162004992, free 67703912, used 94301080, increment 0
Initial loss: 9.228867676590067
Initial test loss: 9.228867676590067
300: time = 0.416000 loss = 7.632706 testLoss 7.698922
Resulting gain: 1.5961615510409972
Projecting...
Writing file CODI\Maxent Outputs 4.1\codi.max.final.5\species.csv
species response curves
Time since start: 1.238
Response curve: only e05.PHO.max
Making features
makeFeatures: max memory 477626368, total allocated 148373504, free 69774160, used 78599344, increment -15701736
species e05.PHO.max: 
Regularization values: linear/quadratic/product: 0.050, categorical: 0.250, threshold: 1.000, hinge: 0.500
187 samples
Density: max memory 477626368, total allocated 148373504, free 69774160, used 78599344, increment 0
linearPredictor: max memory 477626368, total allocated 148373504, free 69774160, used 78599344, increment 0
FeaturedSpace: max memory 477626368, total allocated 148373504, free 69774160, used 78599344, increment 0
Sequential: max memory 477626368, total allocated 148373504, free 69774160, used 78599344, increment 0
Initial loss: 9.228867676590067
100: time = 0.209000 loss = 9.128163
Resulting gain: 0.10070451174014394
species response curves
Response curve: only e08.SST.max
Making features
makeFeatures: max memory 477626368, total allocated 148373504, free 65644368, used 82729136, increment 4129792
species e08.SST.max: 
Regularization values: linear/quadratic/product: 0.050, categorical: 0.250, threshold: 1.000, hinge: 0.500
187 samples
Density: max memory 477626368, total allocated 148373504, free 65644368, used 82729136, increment 0
linearPredictor: max memory 477626368, total allocated 148373504, free 65644368, used 82729136, increment 0
FeaturedSpace: max memory 477626368, total allocated 148373504, free 65644368, used 82729136, increment 0
Sequential: max memory 477626368, total allocated 148373504, free 65644368, used 82729136, increment 0
Initial loss: 9.228867676590067
180: time = 0.293000 loss = 7.904537
Resulting gain: 1.324330866250265
species response curves
Response curve: only e09.SST.min
Making features
makeFeatures: max memory 477626368, total allocated 148373504, free 61396952, used 86976552, increment 4247416
species e09.SST.min: 
Regularization values: linear/quadratic/product: 0.050, categorical: 0.250, threshold: 1.000, hinge: 0.500
187 samples
Density: max memory 477626368, total allocated 148373504, free 61396952, used 86976552, increment 0
linearPredictor: max memory 477626368, total allocated 148373504, free 61396952, used 86976552, increment 0
FeaturedSpace: max memory 477626368, total allocated 148373504, free 61396952, used 86976552, increment 0
Sequential: max memory 477626368, total allocated 148373504, free 61396952, used 86976552, increment 0
Initial loss: 9.228867676590067
120: time = 0.297000 loss = 8.221253
Resulting gain: 1.0076151150164385
species response curves
Time since start: 2.428
Jackknife: leave e05.PHO.max out
Making features
makeFeatures: max memory 477626368, total allocated 148373504, free 45303168, used 103070336, increment 16093784
species e05.PHO.max: 
Regularization values: linear/quadratic/product: 0.050, categorical: 0.250, threshold: 1.000, hinge: 0.500
187 samples
Density: max memory 477626368, total allocated 148373504, free 45221656, used 103151848, increment 81512
linearPredictor: max memory 477626368, total allocated 148373504, free 45140144, used 103233360, increment 81512
FeaturedSpace: max memory 477626368, total allocated 148373504, free 45140144, used 103233360, increment 0
Sequential: max memory 477626368, total allocated 148373504, free 45140144, used 103233360, increment 0
Initial loss: 9.228867676590067
Initial test loss: 9.228867676590067
260: time = 0.342000 loss = 7.781448 testLoss 7.652124
Jackknife: leave e08.SST.max out
Making features
makeFeatures: max memory 477626368, total allocated 148373504, free 44085400, used 104288104, increment 1054744
species e08.SST.max: 
Regularization values: linear/quadratic/product: 0.050, categorical: 0.250, threshold: 1.000, hinge: 0.500
187 samples
Density: max memory 477626368, total allocated 148373504, free 44003888, used 104369616, increment 81512
linearPredictor: max memory 477626368, total allocated 148373504, free 43922376, used 104451128, increment 81512
FeaturedSpace: max memory 477626368, total allocated 148373504, free 43922376, used 104451128, increment 0
Sequential: max memory 477626368, total allocated 148373504, free 43922376, used 104451128, increment 0
Initial loss: 9.228867676590067
Initial test loss: 9.228867676590067
180: time = 0.261000 loss = 7.887559 testLoss 8.108792
Jackknife: leave e09.SST.min out
Making features
makeFeatures: max memory 477626368, total allocated 148373504, free 42867584, used 105505920, increment 1054792
species e09.SST.min: 
Regularization values: linear/quadratic/product: 0.050, categorical: 0.250, threshold: 1.000, hinge: 0.500
187 samples
Density: max memory 477626368, total allocated 148373504, free 42867584, used 105505920, increment 0
linearPredictor: max memory 477626368, total allocated 148373504, free 42867584, used 105505920, increment 0
FeaturedSpace: max memory 477626368, total allocated 148373504, free 42867584, used 105505920, increment 0
Sequential: max memory 477626368, total allocated 148373504, free 41812656, used 106560848, increment 1054928
Initial loss: 9.228867676590067
Initial test loss: 9.228867676590067
200: time = 0.308000 loss = 7.741672 testLoss 7.898795
Jackknife: only e05.PHO.max
Making features
makeFeatures: max memory 477626368, total allocated 148373504, free 41812656, used 106560848, increment 0
species e05.PHO.max: 
Regularization values: linear/quadratic/product: 0.050, categorical: 0.250, threshold: 1.000, hinge: 0.500
187 samples
Density: max memory 477626368, total allocated 148373504, free 41812656, used 106560848, increment 0
linearPredictor: max memory 477626368, total allocated 148373504, free 41812656, used 106560848, increment 0
FeaturedSpace: max memory 477626368, total allocated 148373504, free 41812656, used 106560848, increment 0
Sequential: max memory 477626368, total allocated 148373504, free 41812656, used 106560848, increment 0
Initial loss: 9.228867676590067
Initial test loss: 9.228867676590067
Time since start: 3.559
100: time = 0.183000 loss = 9.128163 testLoss 9.319008
Res.gain: 0.10070451174014394
Jackknife: only e08.SST.max
Making features
makeFeatures: max memory 477626368, total allocated 148373504, free 40755744, used 107617760, increment 1056912
species e08.SST.max: 
Regularization values: linear/quadratic/product: 0.050, categorical: 0.250, threshold: 1.000, hinge: 0.500
187 samples
Density: max memory 477626368, total allocated 148373504, free 40755744, used 107617760, increment 0
linearPredictor: max memory 477626368, total allocated 148373504, free 40755744, used 107617760, increment 0
FeaturedSpace: max memory 477626368, total allocated 148373504, free 40755744, used 107617760, increment 0
Sequential: max memory 477626368, total allocated 148373504, free 40755744, used 107617760, increment 0
Initial loss: 9.228867676590067
Initial test loss: 9.228867676590067
180: time = 0.257000 loss = 7.904537 testLoss 7.885433
Res.gain: 1.324330866250265
Jackknife: only e09.SST.min
Making features
makeFeatures: max memory 477626368, total allocated 148373504, free 39701024, used 108672480, increment 1054720
species e09.SST.min: 
Regularization values: linear/quadratic/product: 0.050, categorical: 0.250, threshold: 1.000, hinge: 0.500
187 samples
Density: max memory 477626368, total allocated 148373504, free 39701024, used 108672480, increment 0
linearPredictor: max memory 477626368, total allocated 148373504, free 39701024, used 108672480, increment 0
FeaturedSpace: max memory 477626368, total allocated 148373504, free 39701024, used 108672480, increment 0
Sequential: max memory 477626368, total allocated 148373504, free 39701024, used 108672480, increment 0
Initial loss: 9.228867676590067
Initial test loss: 9.228867676590067
120: time = 0.192000 loss = 8.221253 testLoss 8.064316
Res.gain: 1.0076151150164385
Ending
