Thu Jun 02 15:02:31 EDT 2022
MaxEnt version 3.4.3
Reading file absence
readGrid: max memory 477626368, total allocated 210239488, free 156681360, used 53558128, increment 11299536
Reading samples from presence
Read samples: max memory 477626368, total allocated 210239488, free 131916424, used 78323064, increment 24764936
Adding samples to background in feature space
Command line used:  autorun -e UNDA/Maxent Outputs 4.1/unda.max.final.2/absence -o UNDA/Maxent Outputs 4.1/unda.max.final.2 -s UNDA/Maxent Outputs 4.1/unda.max.final.2/presence -z linear=TRUE quadratic=TRUE product=FALSE threshold=FALSE hinge=FALSE randomtestpoints=30 responsecurves=TRUE jackknife=TRUE
Command line to repeat: java density.MaxEnt nowarnings noprefixes responsecurves jackknife "outputdirectory=UNDA/Maxent Outputs 4.1/unda.max.final.2" "samplesfile=UNDA/Maxent Outputs 4.1/unda.max.final.2/presence" "environmentallayers=UNDA/Maxent Outputs 4.1/unda.max.final.2/absence" randomtestpoints=30 noproduct nohinge autorun novisible
Species: species
Layers: e09.SST.min
Layertypes: Continuous
responsecurves: true
jackknife: true
outputdirectory: UNDA/Maxent Outputs 4.1/unda.max.final.2
samplesfile: UNDA/Maxent Outputs 4.1/unda.max.final.2/presence
environmentallayers: UNDA/Maxent Outputs 4.1/unda.max.final.2/absence
randomtestpoints: 30
product: false
hinge: false
autorun: true
visible: false

getSamples: max memory 477626368, total allocated 210239488, free 131916424, used 78323064, increment 0
Making features
makeFeatures: max memory 477626368, total allocated 210239488, free 131916424, used 78323064, increment 0
species: 
Regularization values: linear/quadratic/product: 0.187, categorical: 0.250, threshold: 1.480, hinge: 0.500
52 samples
Density: max memory 477626368, total allocated 210239488, free 131916424, used 78323064, increment 0
linearPredictor: max memory 477626368, total allocated 210239488, free 131916424, used 78323064, increment 0
FeaturedSpace: max memory 477626368, total allocated 210239488, free 131916424, used 78323064, increment 0
Sequential: max memory 477626368, total allocated 210239488, free 131916424, used 78323064, increment 0
Initial loss: 9.215526898663482
Initial test loss: 9.215526898663482
160: time = 0.249000 loss = 7.751301 testLoss 8.252729
Resulting gain: 1.4642261381406616
Projecting...
Writing file UNDA\Maxent Outputs 4.1\unda.max.final.2\species.csv
species response curves
Response curve: only e09.SST.min
Making features
makeFeatures: max memory 477626368, total allocated 210239488, free 107093824, used 103145664, increment 24822600
species e09.SST.min: 
Regularization values: linear/quadratic/product: 0.187, categorical: 0.250, threshold: 1.480, hinge: 0.500
52 samples
Density: max memory 477626368, total allocated 210239488, free 107093824, used 103145664, increment 0
linearPredictor: max memory 477626368, total allocated 210239488, free 107093824, used 103145664, increment 0
FeaturedSpace: max memory 477626368, total allocated 210239488, free 107093824, used 103145664, increment 0
Sequential: max memory 477626368, total allocated 210239488, free 107093824, used 103145664, increment 0
Initial loss: 9.215526898663482
Time since start: 1.092
160: time = 0.216000 loss = 7.751301
Resulting gain: 1.4642261381406616
species response curves
Ending
