Mon Apr 25 12:06:53 EDT 2022
MaxEnt version 3.4.3
Reading file absence
readGrid: max memory 477626368, total allocated 254279680, free 195618320, used 58661360, increment 19202800
Reading samples from presence
Read samples: max memory 477626368, total allocated 254279680, free 101764024, used 152515656, increment 93854296
Adding samples to background in feature space
Command line used:  autorun -e CAUL/Maxent Outputs 4.1/caul.max.3/absence -o CAUL/Maxent Outputs 4.1/caul.max.3 -s CAUL/Maxent Outputs 4.1/caul.max.3/presence -z linear=TRUE quadratic=TRUE product=FALSE threshold=FALSE hinge=FALSE randomtestpoints=30 responsecurves=TRUE jackknife=TRUE
Command line to repeat: java density.MaxEnt nowarnings noprefixes responsecurves jackknife "outputdirectory=CAUL/Maxent Outputs 4.1/caul.max.3" "samplesfile=CAUL/Maxent Outputs 4.1/caul.max.3/presence" "environmentallayers=CAUL/Maxent Outputs 4.1/caul.max.3/absence" randomtestpoints=30 noproduct nohinge autorun novisible
Species: species
Layers: e03.NIT.max e04.NIT.min e05.PHO.max e06.PHO.min e07.SAL.me e08.SST.max e09.SST.min
Layertypes: Continuous Continuous Continuous Continuous Continuous Continuous Continuous
responsecurves: true
jackknife: true
outputdirectory: CAUL/Maxent Outputs 4.1/caul.max.3
samplesfile: CAUL/Maxent Outputs 4.1/caul.max.3/presence
environmentallayers: CAUL/Maxent Outputs 4.1/caul.max.3/absence
randomtestpoints: 30
product: false
hinge: false
autorun: true
visible: false

getSamples: max memory 477626368, total allocated 254279680, free 95708896, used 158570784, increment 6055128
Making features
makeFeatures: max memory 477626368, total allocated 254279680, free 95708896, used 158570784, increment 0
species: 
Regularization values: linear/quadratic/product: 0.050, categorical: 0.250, threshold: 1.000, hinge: 0.500
344 samples
Density: max memory 477626368, total allocated 254279680, free 95708896, used 158570784, increment 0
linearPredictor: max memory 477626368, total allocated 254279680, free 95708896, used 158570784, increment 0
FeaturedSpace: max memory 477626368, total allocated 254279680, free 95708896, used 158570784, increment 0
Sequential: max memory 477626368, total allocated 254279680, free 95708896, used 158570784, increment 0
Initial loss: 9.244161920451694
Initial test loss: 9.244161920451694
240: time = 0.398000 loss = 8.598751 testLoss 8.538224
Resulting gain: 0.645411191052693
Time since start: 1.271
Projecting...
Writing file CAUL\Maxent Outputs 4.1\caul.max.3\species.csv
species response curves
Time since start: 2.388
Response curve: only e03.NIT.max
Making features
makeFeatures: max memory 477626368, total allocated 248512512, free 194943920, used 53568592, increment -105002192
species e03.NIT.max: 
Regularization values: linear/quadratic/product: 0.050, categorical: 0.250, threshold: 1.000, hinge: 0.500
344 samples
Density: max memory 477626368, total allocated 248512512, free 194943920, used 53568592, increment 0
linearPredictor: max memory 477626368, total allocated 248512512, free 194943920, used 53568592, increment 0
FeaturedSpace: max memory 477626368, total allocated 248512512, free 194943920, used 53568592, increment 0
Sequential: max memory 477626368, total allocated 248512512, free 194943920, used 53568592, increment 0
Initial loss: 9.244161920451694
60: time = 0.180000 loss = 8.976736
Resulting gain: 0.26742589637053094
species response curves
Response curve: only e04.NIT.min
Making features
makeFeatures: max memory 477626368, total allocated 248512512, free 191069960, used 57442552, increment 3873960
species e04.NIT.min: 
Regularization values: linear/quadratic/product: 0.050, categorical: 0.250, threshold: 1.000, hinge: 0.500
344 samples
Density: max memory 477626368, total allocated 248512512, free 191069960, used 57442552, increment 0
linearPredictor: max memory 477626368, total allocated 248512512, free 191069960, used 57442552, increment 0
FeaturedSpace: max memory 477626368, total allocated 248512512, free 188158128, used 60354384, increment 2911832
Sequential: max memory 477626368, total allocated 248512512, free 188158128, used 60354384, increment 0
Initial loss: 9.244161920451694
60: time = 0.240000 loss = 9.132459
Resulting gain: 0.11170297525636741
species response curves
Response curve: only e05.PHO.max
Making features
makeFeatures: max memory 477626368, total allocated 248512512, free 185244184, used 63268328, increment 2913944
species e05.PHO.max: 
Regularization values: linear/quadratic/product: 0.050, categorical: 0.250, threshold: 1.000, hinge: 0.500
344 samples
Density: max memory 477626368, total allocated 248512512, free 185244184, used 63268328, increment 0
linearPredictor: max memory 477626368, total allocated 248512512, free 185244184, used 63268328, increment 0
FeaturedSpace: max memory 477626368, total allocated 248512512, free 185244184, used 63268328, increment 0
Sequential: max memory 477626368, total allocated 248512512, free 185244184, used 63268328, increment 0
Initial loss: 9.244161920451694
Time since start: 3.413
100: time = 0.248000 loss = 9.032700
Resulting gain: 0.2114618541564166
species response curves
Response curve: only e06.PHO.min
Making features
makeFeatures: max memory 477626368, total allocated 248512512, free 182330240, used 66182272, increment 2913944
species e06.PHO.min: 
Regularization values: linear/quadratic/product: 0.050, categorical: 0.250, threshold: 1.000, hinge: 0.500
344 samples
Density: max memory 477626368, total allocated 248512512, free 182330240, used 66182272, increment 0
linearPredictor: max memory 477626368, total allocated 248512512, free 182330240, used 66182272, increment 0
FeaturedSpace: max memory 477626368, total allocated 248512512, free 182330240, used 66182272, increment 0
Sequential: max memory 477626368, total allocated 248512512, free 182330240, used 66182272, increment 0
Initial loss: 9.244161920451694
100: time = 0.221000 loss = 9.126300
Resulting gain: 0.11786212048991906
species response curves
Response curve: only e07.SAL.me
Making features
makeFeatures: max memory 477626368, total allocated 248512512, free 178456280, used 70056232, increment 3873960
species e07.SAL.me: 
Regularization values: linear/quadratic/product: 0.050, categorical: 0.250, threshold: 1.000, hinge: 0.500
344 samples
Density: max memory 477626368, total allocated 248512512, free 178456280, used 70056232, increment 0
linearPredictor: max memory 477626368, total allocated 248512512, free 178373512, used 70139000, increment 82768
FeaturedSpace: max memory 477626368, total allocated 248512512, free 178373512, used 70139000, increment 0
Sequential: max memory 477626368, total allocated 248512512, free 178373512, used 70139000, increment 0
Initial loss: 9.244161920451694
100: time = 0.323000 loss = 9.147629
Resulting gain: 0.09653327373870368
species response curves
Response curve: only e08.SST.max
Making features
makeFeatures: max memory 477626368, total allocated 248512512, free 172547984, used 75964528, increment 5825528
species e08.SST.max: 
Regularization values: linear/quadratic/product: 0.050, categorical: 0.250, threshold: 1.000, hinge: 0.500
344 samples
Density: max memory 477626368, total allocated 248512512, free 172547984, used 75964528, increment 0
linearPredictor: max memory 477626368, total allocated 248512512, free 172547984, used 75964528, increment 0
FeaturedSpace: max memory 477626368, total allocated 248512512, free 172547984, used 75964528, increment 0
Sequential: max memory 477626368, total allocated 248512512, free 172547984, used 75964528, increment 0
Initial loss: 9.244161920451694
Time since start: 4.579
180: time = 0.219000 loss = 9.017355
Resulting gain: 0.22680727474322282
species response curves
Response curve: only e09.SST.min
Making features
makeFeatures: max memory 477626368, total allocated 248512512, free 169634040, used 78878472, increment 2913944
species e09.SST.min: 
Regularization values: linear/quadratic/product: 0.050, categorical: 0.250, threshold: 1.000, hinge: 0.500
344 samples
Density: max memory 477626368, total allocated 248512512, free 169634040, used 78878472, increment 0
linearPredictor: max memory 477626368, total allocated 248512512, free 169634040, used 78878472, increment 0
FeaturedSpace: max memory 477626368, total allocated 248512512, free 169634040, used 78878472, increment 0
Sequential: max memory 477626368, total allocated 248512512, free 169634040, used 78878472, increment 0
Initial loss: 9.244161920451694
180: time = 0.274000 loss = 8.720213
Resulting gain: 0.5239486755877962
species response curves
Jackknife: leave e03.NIT.max out
Making features
makeFeatures: max memory 477626368, total allocated 248512512, free 130658176, used 117854336, increment 38975864
species e03.NIT.max: 
Regularization values: linear/quadratic/product: 0.050, categorical: 0.250, threshold: 1.000, hinge: 0.500
344 samples
Density: max memory 477626368, total allocated 248512512, free 130658176, used 117854336, increment 0
linearPredictor: max memory 477626368, total allocated 248512512, free 130658176, used 117854336, increment 0
FeaturedSpace: max memory 477626368, total allocated 248512512, free 130658176, used 117854336, increment 0
Sequential: max memory 477626368, total allocated 248512512, free 130658176, used 117854336, increment 0
Initial loss: 9.244161920451694
Initial test loss: 9.244161920451694
Time since start: 5.761
240: time = 0.374000 loss = 8.623490 testLoss 8.614077
Jackknife: leave e04.NIT.min out
Making features
makeFeatures: max memory 477626368, total allocated 248512512, free 129913264, used 118599248, increment 744912
species e04.NIT.min: 
Regularization values: linear/quadratic/product: 0.050, categorical: 0.250, threshold: 1.000, hinge: 0.500
344 samples
Density: max memory 477626368, total allocated 248512512, free 129830496, used 118682016, increment 82768
linearPredictor: max memory 477626368, total allocated 248512512, free 129747728, used 118764784, increment 82768
FeaturedSpace: max memory 477626368, total allocated 248512512, free 129747728, used 118764784, increment 0
Sequential: max memory 477626368, total allocated 248512512, free 129747728, used 118764784, increment 0
Initial loss: 9.244161920451694
Initial test loss: 9.244161920451694
280: time = 0.404000 loss = 8.598751 testLoss 8.538455
Jackknife: leave e05.PHO.max out
Making features
makeFeatures: max memory 477626368, total allocated 248512512, free 126836136, used 121676376, increment 2911592
species e05.PHO.max: 
Regularization values: linear/quadratic/product: 0.050, categorical: 0.250, threshold: 1.000, hinge: 0.500
344 samples
Density: max memory 477626368, total allocated 248512512, free 126836136, used 121676376, increment 0
linearPredictor: max memory 477626368, total allocated 248512512, free 126836136, used 121676376, increment 0
FeaturedSpace: max memory 477626368, total allocated 248512512, free 126836136, used 121676376, increment 0
Sequential: max memory 477626368, total allocated 248512512, free 126836136, used 121676376, increment 0
Initial loss: 9.244161920451694
Initial test loss: 9.244161920451694
240: time = 0.385000 loss = 8.600959 testLoss 8.520299
Jackknife: leave e06.PHO.min out
Making features
makeFeatures: max memory 477626368, total allocated 248512512, free 123841840, used 124670672, increment 2994296
species e06.PHO.min: 
Regularization values: linear/quadratic/product: 0.050, categorical: 0.250, threshold: 1.000, hinge: 0.500
344 samples
Density: max memory 477626368, total allocated 248512512, free 123841840, used 124670672, increment 0
linearPredictor: max memory 477626368, total allocated 248512512, free 123841840, used 124670672, increment 0
FeaturedSpace: max memory 477626368, total allocated 248512512, free 123841840, used 124670672, increment 0
Sequential: max memory 477626368, total allocated 248512512, free 123841840, used 124670672, increment 0
Initial loss: 9.244161920451694
Initial test loss: 9.244161920451694
Time since start: 7.002
240: time = 0.352000 loss = 8.599146 testLoss 8.529692
Jackknife: leave e07.SAL.me out
Making features
makeFeatures: max memory 477626368, total allocated 248512512, free 123841840, used 124670672, increment 0
species e07.SAL.me: 
Regularization values: linear/quadratic/product: 0.050, categorical: 0.250, threshold: 1.000, hinge: 0.500
344 samples
Density: max memory 477626368, total allocated 248512512, free 123841840, used 124670672, increment 0
linearPredictor: max memory 477626368, total allocated 248512512, free 123841840, used 124670672, increment 0
FeaturedSpace: max memory 477626368, total allocated 248512512, free 123841840, used 124670672, increment 0
Sequential: max memory 477626368, total allocated 248512512, free 123841840, used 124670672, increment 0
Initial loss: 9.244161920451694
Initial test loss: 9.244161920451694
240: time = 0.350000 loss = 8.606541 testLoss 8.557363
Jackknife: leave e08.SST.max out
Making features
makeFeatures: max memory 477626368, total allocated 248512512, free 120919192, used 127593320, increment 2922648
species e08.SST.max: 
Regularization values: linear/quadratic/product: 0.050, categorical: 0.250, threshold: 1.000, hinge: 0.500
344 samples
Density: max memory 477626368, total allocated 248512512, free 120919192, used 127593320, increment 0
linearPredictor: max memory 477626368, total allocated 248512512, free 120919192, used 127593320, increment 0
FeaturedSpace: max memory 477626368, total allocated 248512512, free 120919192, used 127593320, increment 0
Sequential: max memory 477626368, total allocated 248512512, free 120919192, used 127593320, increment 0
Initial loss: 9.244161920451694
Initial test loss: 9.244161920451694
260: time = 0.368000 loss = 8.634946 testLoss 8.606930
Jackknife: leave e09.SST.min out
Making features
makeFeatures: max memory 477626368, total allocated 248512512, free 117924896, used 130587616, increment 2994296
species e09.SST.min: 
Regularization values: linear/quadratic/product: 0.050, categorical: 0.250, threshold: 1.000, hinge: 0.500
344 samples
Density: max memory 477626368, total allocated 248512512, free 117924896, used 130587616, increment 0
linearPredictor: max memory 477626368, total allocated 248512512, free 117924896, used 130587616, increment 0
FeaturedSpace: max memory 477626368, total allocated 248512512, free 117924896, used 130587616, increment 0
Sequential: max memory 477626368, total allocated 248512512, free 117924896, used 130587616, increment 0
Initial loss: 9.244161920451694
Initial test loss: 9.244161920451694
Time since start: 8.165
260: time = 0.389000 loss = 8.877920 testLoss 8.850332
Jackknife: only e03.NIT.max
Making features
makeFeatures: max memory 477626368, total allocated 248512512, free 117924896, used 130587616, increment 0
species e03.NIT.max: 
Regularization values: linear/quadratic/product: 0.050, categorical: 0.250, threshold: 1.000, hinge: 0.500
344 samples
Density: max memory 477626368, total allocated 248512512, free 117924896, used 130587616, increment 0
linearPredictor: max memory 477626368, total allocated 248512512, free 117924896, used 130587616, increment 0
FeaturedSpace: max memory 477626368, total allocated 248512512, free 117924896, used 130587616, increment 0
Sequential: max memory 477626368, total allocated 248512512, free 117924896, used 130587616, increment 0
Initial loss: 9.244161920451694
Initial test loss: 9.244161920451694
60: time = 0.160000 loss = 8.976736 testLoss 8.918130
Res.gain: 0.26742589637053094
Jackknife: only e04.NIT.min
Making features
makeFeatures: max memory 477626368, total allocated 248512512, free 117924896, used 130587616, increment 0
species e04.NIT.min: 
Regularization values: linear/quadratic/product: 0.050, categorical: 0.250, threshold: 1.000, hinge: 0.500
344 samples
Density: max memory 477626368, total allocated 248512512, free 117924896, used 130587616, increment 0
linearPredictor: max memory 477626368, total allocated 248512512, free 117924896, used 130587616, increment 0
FeaturedSpace: max memory 477626368, total allocated 248512512, free 117924896, used 130587616, increment 0
Sequential: max memory 477626368, total allocated 248512512, free 117924896, used 130587616, increment 0
Initial loss: 9.244161920451694
Initial test loss: 9.244161920451694
60: time = 0.163000 loss = 9.132459 testLoss 9.115352
Res.gain: 0.11170297525636741
Jackknife: only e05.PHO.max
Making features
makeFeatures: max memory 477626368, total allocated 248512512, free 115013344, used 133499168, increment 2911552
species e05.PHO.max: 
Regularization values: linear/quadratic/product: 0.050, categorical: 0.250, threshold: 1.000, hinge: 0.500
344 samples
Density: max memory 477626368, total allocated 248512512, free 115013344, used 133499168, increment 0
linearPredictor: max memory 477626368, total allocated 248512512, free 115013344, used 133499168, increment 0
FeaturedSpace: max memory 477626368, total allocated 248512512, free 115013344, used 133499168, increment 0
Sequential: max memory 477626368, total allocated 248512512, free 115013344, used 133499168, increment 0
Initial loss: 9.244161920451694
Initial test loss: 9.244161920451694
100: time = 0.143000 loss = 9.032700 testLoss 9.045317
Res.gain: 0.2114618541564166
Jackknife: only e06.PHO.min
Making features
makeFeatures: max memory 477626368, total allocated 248512512, free 115013344, used 133499168, increment 0
species e06.PHO.min: 
Regularization values: linear/quadratic/product: 0.050, categorical: 0.250, threshold: 1.000, hinge: 0.500
344 samples
Density: max memory 477626368, total allocated 248512512, free 115013344, used 133499168, increment 0
linearPredictor: max memory 477626368, total allocated 248512512, free 115013344, used 133499168, increment 0
FeaturedSpace: max memory 477626368, total allocated 248512512, free 115013344, used 133499168, increment 0
Sequential: max memory 477626368, total allocated 248512512, free 115013344, used 133499168, increment 0
Initial loss: 9.244161920451694
Initial test loss: 9.244161920451694
100: time = 0.147000 loss = 9.126300 testLoss 9.077494
Res.gain: 0.11786212048991906
Jackknife: only e07.SAL.me
Making features
makeFeatures: max memory 477626368, total allocated 248512512, free 115013344, used 133499168, increment 0
species e07.SAL.me: 
Regularization values: linear/quadratic/product: 0.050, categorical: 0.250, threshold: 1.000, hinge: 0.500
344 samples
Density: max memory 477626368, total allocated 248512512, free 115013344, used 133499168, increment 0
linearPredictor: max memory 477626368, total allocated 248512512, free 115013344, used 133499168, increment 0
FeaturedSpace: max memory 477626368, total allocated 248512512, free 115013344, used 133499168, increment 0
Sequential: max memory 477626368, total allocated 248512512, free 115013344, used 133499168, increment 0
Initial loss: 9.244161920451694
Initial test loss: 9.244161920451694
100: time = 0.286000 loss = 9.147629 testLoss 9.144096
Res.gain: 0.09653327373870368
Jackknife: only e08.SST.max
Making features
makeFeatures: max memory 477626368, total allocated 248512512, free 114847808, used 133664704, increment 165536
species e08.SST.max: 
Regularization values: linear/quadratic/product: 0.050, categorical: 0.250, threshold: 1.000, hinge: 0.500
344 samples
Density: max memory 477626368, total allocated 248512512, free 114765040, used 133747472, increment 82768
linearPredictor: max memory 477626368, total allocated 248512512, free 111770744, used 136741768, increment 2994296
FeaturedSpace: max memory 477626368, total allocated 248512512, free 111770744, used 136741768, increment 0
Sequential: max memory 477626368, total allocated 248512512, free 111770744, used 136741768, increment 0
Initial loss: 9.244161920451694
Initial test loss: 9.244161920451694
Time since start: 9.337
180: time = 0.225000 loss = 9.017355 testLoss 8.932856
Res.gain: 0.22680727474322282
Jackknife: only e09.SST.min
Making features
makeFeatures: max memory 477626368, total allocated 248512512, free 111770744, used 136741768, increment 0
species e09.SST.min: 
Regularization values: linear/quadratic/product: 0.050, categorical: 0.250, threshold: 1.000, hinge: 0.500
344 samples
Density: max memory 477626368, total allocated 248512512, free 111770744, used 136741768, increment 0
linearPredictor: max memory 477626368, total allocated 248512512, free 111770744, used 136741768, increment 0
FeaturedSpace: max memory 477626368, total allocated 248512512, free 111770744, used 136741768, increment 0
Sequential: max memory 477626368, total allocated 248512512, free 111770744, used 136741768, increment 0
Initial loss: 9.244161920451694
Initial test loss: 9.244161920451694
180: time = 0.260000 loss = 8.720213 testLoss 8.691144
Res.gain: 0.5239486755877962
Ending
