Mon May 16 14:23:51 EDT 2022
MaxEnt version 3.4.3
Reading file absence
readGrid: max memory 477626368, total allocated 179830784, free 111848272, used 67982512, increment 14647312
Reading samples from presence
Read samples: max memory 477626368, total allocated 155713536, free 135978576, used 19734960, increment -48247552
Adding samples to background in feature space
Command line used:  autorun -e CAUL/Maxent Outputs 4.1/caul.max.final.4/absence -o CAUL/Maxent Outputs 4.1/caul.max.final.4 -s CAUL/Maxent Outputs 4.1/caul.max.final.4/presence -z linear=TRUE quadratic=TRUE product=FALSE threshold=FALSE hinge=FALSE randomtestpoints=30 responsecurves=TRUE jackknife=TRUE
Command line to repeat: java density.MaxEnt nowarnings noprefixes responsecurves jackknife "outputdirectory=CAUL/Maxent Outputs 4.1/caul.max.final.4" "samplesfile=CAUL/Maxent Outputs 4.1/caul.max.final.4/presence" "environmentallayers=CAUL/Maxent Outputs 4.1/caul.max.final.4/absence" randomtestpoints=30 noproduct nohinge autorun novisible
Species: species
Layers: e09.SST.min
Layertypes: Continuous
responsecurves: true
jackknife: true
outputdirectory: CAUL/Maxent Outputs 4.1/caul.max.final.4
samplesfile: CAUL/Maxent Outputs 4.1/caul.max.final.4/presence
environmentallayers: CAUL/Maxent Outputs 4.1/caul.max.final.4/absence
randomtestpoints: 30
product: false
hinge: false
autorun: true
visible: false

getSamples: max memory 477626368, total allocated 155713536, free 133444200, used 22269336, increment 2534376
Making features
makeFeatures: max memory 477626368, total allocated 155713536, free 133444200, used 22269336, increment 0
species: 
Regularization values: linear/quadratic/product: 0.050, categorical: 0.250, threshold: 1.000, hinge: 0.500
344 samples
Density: max memory 477626368, total allocated 155713536, free 133444200, used 22269336, increment 0
linearPredictor: max memory 477626368, total allocated 155713536, free 133444200, used 22269336, increment 0
FeaturedSpace: max memory 477626368, total allocated 155713536, free 133444200, used 22269336, increment 0
Sequential: max memory 477626368, total allocated 155713536, free 133444200, used 22269336, increment 0
Initial loss: 9.243968552956167
Initial test loss: 9.243968552956167
180: time = 0.241000 loss = 8.737731 testLoss 8.709437
Resulting gain: 0.5062376657316587
Time since start: 1.144
Projecting...
Writing file CAUL\Maxent Outputs 4.1\caul.max.final.4\species.csv
species response curves
Response curve: only e09.SST.min
Making features
makeFeatures: max memory 477626368, total allocated 155713536, free 106909440, used 48804096, increment 26534760
species e09.SST.min: 
Regularization values: linear/quadratic/product: 0.050, categorical: 0.250, threshold: 1.000, hinge: 0.500
344 samples
Density: max memory 477626368, total allocated 155713536, free 106909440, used 48804096, increment 0
linearPredictor: max memory 477626368, total allocated 155713536, free 106909440, used 48804096, increment 0
FeaturedSpace: max memory 477626368, total allocated 155713536, free 106909440, used 48804096, increment 0
Sequential: max memory 477626368, total allocated 155713536, free 106909440, used 48804096, increment 0
Initial loss: 9.243968552956167
180: time = 0.251000 loss = 8.737731
Resulting gain: 0.5062376657316587
species response curves
Ending
