Thu Jun 02 15:07:21 EDT 2022
MaxEnt version 3.4.3
Reading file absence
readGrid: max memory 477626368, total allocated 210763776, free 89638040, used 121125736, increment 15126120
Reading samples from presence
Read samples: max memory 477626368, total allocated 226492416, free 202288520, used 24203896, increment -96921840
Adding samples to background in feature space
Command line used:  autorun -e UNDA/Maxent Outputs 4.1/unda.max.final.5/absence -o UNDA/Maxent Outputs 4.1/unda.max.final.5 -s UNDA/Maxent Outputs 4.1/unda.max.final.5/presence -z linear=TRUE quadratic=TRUE product=FALSE threshold=FALSE hinge=FALSE randomtestpoints=30 responsecurves=TRUE jackknife=TRUE
Command line to repeat: java density.MaxEnt nowarnings noprefixes responsecurves jackknife "outputdirectory=UNDA/Maxent Outputs 4.1/unda.max.final.5" "samplesfile=UNDA/Maxent Outputs 4.1/unda.max.final.5/presence" "environmentallayers=UNDA/Maxent Outputs 4.1/unda.max.final.5/absence" randomtestpoints=30 noproduct nohinge autorun novisible
Species: species
Layers: e09.SST.min
Layertypes: Continuous
responsecurves: true
jackknife: true
outputdirectory: UNDA/Maxent Outputs 4.1/unda.max.final.5
samplesfile: UNDA/Maxent Outputs 4.1/unda.max.final.5/presence
environmentallayers: UNDA/Maxent Outputs 4.1/unda.max.final.5/absence
randomtestpoints: 30
product: false
hinge: false
autorun: true
visible: false

getSamples: max memory 477626368, total allocated 226492416, free 202288520, used 24203896, increment 0
Making features
makeFeatures: max memory 477626368, total allocated 226492416, free 202288520, used 24203896, increment 0
species: 
Regularization values: linear/quadratic/product: 0.187, categorical: 0.250, threshold: 1.480, hinge: 0.500
52 samples
Density: max memory 477626368, total allocated 226492416, free 202288520, used 24203896, increment 0
linearPredictor: max memory 477626368, total allocated 226492416, free 202288520, used 24203896, increment 0
FeaturedSpace: max memory 477626368, total allocated 226492416, free 202288520, used 24203896, increment 0
Sequential: max memory 477626368, total allocated 226492416, free 202288520, used 24203896, increment 0
Initial loss: 9.21542741102474
Initial test loss: 9.21542741102474
160: time = 0.234000 loss = 7.813691 testLoss 8.300674
Resulting gain: 1.4017363570698755
Time since start: 1.023
Projecting...
Writing file UNDA\Maxent Outputs 4.1\unda.max.final.5\species.csv
species response curves
Response curve: only e09.SST.min
Making features
makeFeatures: max memory 477626368, total allocated 226492416, free 177092416, used 49400000, increment 25196104
species e09.SST.min: 
Regularization values: linear/quadratic/product: 0.187, categorical: 0.250, threshold: 1.480, hinge: 0.500
52 samples
Density: max memory 477626368, total allocated 226492416, free 177092416, used 49400000, increment 0
linearPredictor: max memory 477626368, total allocated 226492416, free 177092416, used 49400000, increment 0
FeaturedSpace: max memory 477626368, total allocated 226492416, free 177092416, used 49400000, increment 0
Sequential: max memory 477626368, total allocated 226492416, free 177092416, used 49400000, increment 0
Initial loss: 9.21542741102474
160: time = 0.250000 loss = 7.813691
Resulting gain: 1.4017363570698755
species response curves
Ending
