Thu Jun 02 15:04:04 EDT 2022
MaxEnt version 3.4.3
Reading file absence
readGrid: max memory 477626368, total allocated 210239488, free 93579360, used 116660128, increment 13514464
Reading samples from presence
Read samples: max memory 477626368, total allocated 210763776, free 192037448, used 18726328, increment -97933800
Adding samples to background in feature space
Command line used:  autorun -e UNDA/Maxent Outputs 4.1/unda.max.final.3/absence -o UNDA/Maxent Outputs 4.1/unda.max.final.3 -s UNDA/Maxent Outputs 4.1/unda.max.final.3/presence -z linear=TRUE quadratic=TRUE product=FALSE threshold=FALSE hinge=FALSE randomtestpoints=30 responsecurves=TRUE jackknife=TRUE
Command line to repeat: java density.MaxEnt nowarnings noprefixes responsecurves jackknife "outputdirectory=UNDA/Maxent Outputs 4.1/unda.max.final.3" "samplesfile=UNDA/Maxent Outputs 4.1/unda.max.final.3/presence" "environmentallayers=UNDA/Maxent Outputs 4.1/unda.max.final.3/absence" randomtestpoints=30 noproduct nohinge autorun novisible
Species: species
Layers: e09.SST.min
Layertypes: Continuous
responsecurves: true
jackknife: true
outputdirectory: UNDA/Maxent Outputs 4.1/unda.max.final.3
samplesfile: UNDA/Maxent Outputs 4.1/unda.max.final.3/presence
environmentallayers: UNDA/Maxent Outputs 4.1/unda.max.final.3/absence
randomtestpoints: 30
product: false
hinge: false
autorun: true
visible: false

getSamples: max memory 477626368, total allocated 210763776, free 192037448, used 18726328, increment 0
Making features
makeFeatures: max memory 477626368, total allocated 210763776, free 192037448, used 18726328, increment 0
species: 
Regularization values: linear/quadratic/product: 0.187, categorical: 0.250, threshold: 1.480, hinge: 0.500
52 samples
Density: max memory 477626368, total allocated 210763776, free 192037448, used 18726328, increment 0
linearPredictor: max memory 477626368, total allocated 210763776, free 192037448, used 18726328, increment 0
FeaturedSpace: max memory 477626368, total allocated 210763776, free 192037448, used 18726328, increment 0
Sequential: max memory 477626368, total allocated 210763776, free 192037448, used 18726328, increment 0
Initial loss: 9.215526898663482
Initial test loss: 9.215526898663482
160: time = 0.210000 loss = 7.780274 testLoss 8.301537
Resulting gain: 1.4352531212748554
Projecting...
Writing file UNDA\Maxent Outputs 4.1\unda.max.final.3\species.csv
species response curves
Response curve: only e09.SST.min
Making features
makeFeatures: max memory 477626368, total allocated 210763776, free 165326008, used 45437768, increment 26711440
species e09.SST.min: 
Regularization values: linear/quadratic/product: 0.187, categorical: 0.250, threshold: 1.480, hinge: 0.500
52 samples
Density: max memory 477626368, total allocated 210763776, free 165326008, used 45437768, increment 0
linearPredictor: max memory 477626368, total allocated 210763776, free 165326008, used 45437768, increment 0
FeaturedSpace: max memory 477626368, total allocated 210763776, free 165326008, used 45437768, increment 0
Sequential: max memory 477626368, total allocated 210763776, free 165326008, used 45437768, increment 0
Initial loss: 9.215526898663482
160: time = 0.294000 loss = 7.780274
Resulting gain: 1.4352531212748554
species response curves
Time since start: 1.115
Ending
